2025-07-08 19:36:40,128 INFO o.a.j.u.JMeterUtils: Setting Locale to en_EN
2025-07-08 19:36:40,140 INFO o.a.j.JMeter: Loading user properties from: /opt/homebrew/Cellar/jmeter/5.6.3/libexec/bin/user.properties
2025-07-08 19:36:40,140 INFO o.a.j.JMeter: Loading system properties from: /opt/homebrew/Cellar/jmeter/5.6.3/libexec/bin/system.properties
2025-07-08 19:36:40,142 INFO o.a.j.JMeter: Copyright (c) 1998-2024 The Apache Software Foundation
2025-07-08 19:36:40,142 INFO o.a.j.JMeter: Version 5.6.3
2025-07-08 19:36:40,142 INFO o.a.j.JMeter: java.version=21.0.7
2025-07-08 19:36:40,142 INFO o.a.j.JMeter: java.vm.name=OpenJDK 64-Bit Server VM
2025-07-08 19:36:40,142 INFO o.a.j.JMeter: os.name=Mac OS X
2025-07-08 19:36:40,142 INFO o.a.j.JMeter: os.arch=aarch64
2025-07-08 19:36:40,142 INFO o.a.j.JMeter: os.version=15.5
2025-07-08 19:36:40,142 INFO o.a.j.JMeter: file.encoding=UTF-8
2025-07-08 19:36:40,143 INFO o.a.j.JMeter: java.awt.headless=null
2025-07-08 19:36:40,143 INFO o.a.j.JMeter: Max memory     =1073741824
2025-07-08 19:36:40,143 INFO o.a.j.JMeter: Available Processors =14
2025-07-08 19:36:40,147 INFO o.a.j.JMeter: Default Locale=English (EN)
2025-07-08 19:36:40,147 INFO o.a.j.JMeter: JMeter  Locale=English (EN)
2025-07-08 19:36:40,147 INFO o.a.j.JMeter: JMeterHome=/opt/homebrew/Cellar/jmeter/5.6.3/libexec
2025-07-08 19:36:40,147 INFO o.a.j.JMeter: user.dir  =/Users/s.vrulin/Devel/otus-highload-arh-homework/docker
2025-07-08 19:36:40,147 INFO o.a.j.JMeter: PWD       =/Users/s.vrulin/Devel/otus-highload-arh-homework/docker
2025-07-08 19:36:40,172 INFO o.a.j.JMeter: IP: 192.168.31.55 Name: s-vrulin FullName: 192.168.31.55
2025-07-08 19:36:40,177 INFO o.a.j.JMeter: Loaded icon properties from org/apache/jmeter/images/icon.properties
2025-07-08 19:36:40,471 INFO o.a.j.JMeterGuiLauncher: Setting LAF to: com.github.weisj.darklaf.DarkLaf:com.github.weisj.darklaf.theme.DarculaTheme
2025-07-08 19:36:41,315 INFO o.a.j.r.ClassFinder: Will scan jar /opt/homebrew/Cellar/jmeter/5.6.3/libexec/lib/ext/jmeter-plugins-manager-1.9.jar with filter ExtendsClassFilter [parents=[interface org.apache.jmeter.gui.action.Command], inner=false, contains=null, notContains=null]. Consider exposing JMeter plugins via META-INF/services, and add JMeter-Skip-Class-Scanning=true manifest attribute so JMeter can skip classfile scanning
2025-07-08 19:36:41,368 INFO o.a.j.r.ClassFinder: Will scan jar /opt/homebrew/Cellar/jmeter/5.6.3/libexec/lib/ext/jmeter-plugins-manager-1.9.jar with filter ExtendsClassFilter [parents=[interface org.apache.jmeter.gui.plugin.MenuCreator], inner=false, contains=null, notContains=null]. Consider exposing JMeter plugins via META-INF/services, and add JMeter-Skip-Class-Scanning=true manifest attribute so JMeter can skip classfile scanning
2025-07-08 19:36:41,415 INFO o.j.r.JARSourceHTTP: Requesting https://jmeter-plugins.org/repo/?installID=mac_os_x-aba17d0049f699c47a3cf6e1e072c82b-gui
2025-07-08 19:36:43,081 INFO o.j.r.PluginManager: Plugins Status: [jpgc-plugins-manager=1.9, jmeter-core=5.6.3, jmeter-ftp=5.6.3, jmeter-http=5.6.3, jmeter-jdbc=5.6.3, jmeter-jms=5.6.3, jmeter-junit=5.6.3, jmeter-java=5.6.3, jmeter-ldap=5.6.3, jmeter-mail=5.6.3, jmeter-mongodb=5.6.3, jmeter-native=5.6.3, jmeter-tcp=5.6.3, jmeter-components=5.6.3]
2025-07-08 19:36:43,082 INFO o.j.r.PluginManagerMenuItem: Plugins Manager has upgrades: [jpgc-plugins-manager]
2025-07-08 19:37:10,191 INFO o.a.j.s.FileServer: Default base='/Users/s.vrulin/Devel/otus-highload-arh-homework/docker'
2025-07-08 19:37:10,202 INFO o.a.j.g.a.Load: Loading file: /Users/s.vrulin/Devel/otus-highload-arh-homework/tests/load2/HTTP Request.jmx
2025-07-08 19:37:10,202 INFO o.a.j.s.FileServer: Set new base='/Users/s.vrulin/Devel/otus-highload-arh-homework/tests/load2'
2025-07-08 19:37:10,266 INFO o.a.j.s.SaveService: Testplan (JMX) version: 2.2. Testlog (JTL) version: 2.2
2025-07-08 19:37:10,269 INFO o.a.j.s.SaveService: Using SaveService properties version 5.0
2025-07-08 19:37:10,270 INFO o.a.j.s.SaveService: Using SaveService properties file encoding UTF-8
2025-07-08 19:37:10,270 INFO o.a.j.s.SaveService: Loading file: /Users/s.vrulin/Devel/otus-highload-arh-homework/tests/load2/HTTP Request.jmx
2025-07-08 19:37:10,306 INFO o.a.j.p.h.s.HTTPSamplerBase: Parser for text/html is org.apache.jmeter.protocol.http.parser.LagartoBasedHtmlParser
2025-07-08 19:37:10,306 INFO o.a.j.p.h.s.HTTPSamplerBase: Parser for application/xhtml+xml is org.apache.jmeter.protocol.http.parser.LagartoBasedHtmlParser
2025-07-08 19:37:10,306 INFO o.a.j.p.h.s.HTTPSamplerBase: Parser for application/xml is org.apache.jmeter.protocol.http.parser.LagartoBasedHtmlParser
2025-07-08 19:37:10,306 INFO o.a.j.p.h.s.HTTPSamplerBase: Parser for text/xml is org.apache.jmeter.protocol.http.parser.LagartoBasedHtmlParser
2025-07-08 19:37:10,306 INFO o.a.j.p.h.s.HTTPSamplerBase: Parser for text/vnd.wap.wml is org.apache.jmeter.protocol.http.parser.RegexpHTMLParser
2025-07-08 19:37:10,306 INFO o.a.j.p.h.s.HTTPSamplerBase: Parser for text/css is org.apache.jmeter.protocol.http.parser.CssParser
2025-07-08 19:37:10,399 INFO o.a.j.e.KeyToolUtils: keytool found at 'keytool'
2025-07-08 19:37:10,400 INFO o.a.j.p.h.p.ProxyControl: HTTP(S) Test Script Recorder SSL Proxy will use keys that support embedded 3rd party resources in file /opt/homebrew/Cellar/jmeter/5.6.3/libexec/bin/proxyserver.jks
2025-07-08 19:37:10,425 INFO o.a.j.s.SampleResult: Note: Sample TimeStamps are START times
2025-07-08 19:37:10,425 INFO o.a.j.s.SampleResult: sampleresult.default.encoding is set to UTF-8
2025-07-08 19:37:10,426 INFO o.a.j.s.SampleResult: sampleresult.useNanoTime=true
2025-07-08 19:37:10,426 INFO o.a.j.s.SampleResult: sampleresult.nanoThreadSleep=5000
2025-07-08 19:37:10,478 INFO o.a.j.r.ClassFinder: Will scan jar /opt/homebrew/Cellar/jmeter/5.6.3/libexec/lib/ext/jmeter-plugins-manager-1.9.jar with filter ExtendsClassFilter [parents=[interface org.apache.jmeter.visualizers.ResultRenderer], inner=false, contains=null, notContains=null]. Consider exposing JMeter plugins via META-INF/services, and add JMeter-Skip-Class-Scanning=true manifest attribute so JMeter can skip classfile scanning
2025-07-08 19:37:10,491 INFO o.a.j.r.ClassFinder: Will scan jar /opt/homebrew/Cellar/jmeter/5.6.3/libexec/lib/ext/jmeter-plugins-manager-1.9.jar with filter ExtendsClassFilter [parents=[interface org.apache.jmeter.visualizers.RequestView], inner=false, contains=null, notContains=null]. Consider exposing JMeter plugins via META-INF/services, and add JMeter-Skip-Class-Scanning=true manifest attribute so JMeter can skip classfile scanning
2025-07-08 19:37:10,587 INFO o.a.j.r.ClassFinder: Will scan jar /opt/homebrew/Cellar/jmeter/5.6.3/libexec/lib/ext/jmeter-plugins-manager-1.9.jar with filter ExtendsClassFilter [parents=[interface org.apache.jmeter.visualizers.ResultRenderer], inner=false, contains=null, notContains=null]. Consider exposing JMeter plugins via META-INF/services, and add JMeter-Skip-Class-Scanning=true manifest attribute so JMeter can skip classfile scanning
2025-07-08 19:37:10,592 INFO o.a.j.r.ClassFinder: Will scan jar /opt/homebrew/Cellar/jmeter/5.6.3/libexec/lib/ext/jmeter-plugins-manager-1.9.jar with filter ExtendsClassFilter [parents=[interface org.apache.jmeter.visualizers.RequestView], inner=false, contains=null, notContains=null]. Consider exposing JMeter plugins via META-INF/services, and add JMeter-Skip-Class-Scanning=true manifest attribute so JMeter can skip classfile scanning
2025-07-08 19:37:10,624 INFO o.a.j.s.FileServer: Set new base='/Users/s.vrulin/Devel/otus-highload-arh-homework/tests/load2'
2025-07-08 19:37:24,046 INFO o.a.j.e.StandardJMeterEngine: Running the test!
2025-07-08 19:37:24,046 INFO o.a.j.s.SampleEvent: List of sample_variables: []
2025-07-08 19:37:24,046 INFO o.a.j.s.SampleEvent: List of sample_variables: []
2025-07-08 19:37:24,047 INFO o.a.j.e.u.CompoundVariable: Note: Function class names must contain the string: '.functions.'
2025-07-08 19:37:24,047 INFO o.a.j.e.u.CompoundVariable: Note: Function class names must not contain the string: '.gui.'
2025-07-08 19:37:24,068 INFO o.a.j.r.ClassFinder: Will scan jar /opt/homebrew/Cellar/jmeter/5.6.3/libexec/lib/ext/jmeter-plugins-manager-1.9.jar with filter ExtendsClassFilter [parents=[interface org.apache.jmeter.functions.Function], inner=false, contains=null, notContains=null]. Consider exposing JMeter plugins via META-INF/services, and add JMeter-Skip-Class-Scanning=true manifest attribute so JMeter can skip classfile scanning
2025-07-08 19:37:24,072 INFO o.a.j.g.u.JMeterMenuBar: setRunning(true, *local*)
2025-07-08 19:37:24,090 INFO o.a.j.e.StandardJMeterEngine: Starting ThreadGroup: 1 : Thread Group
2025-07-08 19:37:24,090 INFO o.a.j.e.StandardJMeterEngine: Starting 100 threads for group Thread Group.
2025-07-08 19:37:24,090 INFO o.a.j.e.StandardJMeterEngine: Thread will continue on error
2025-07-08 19:37:24,090 INFO o.a.j.t.ThreadGroup: Starting thread group... number=1 threads=100 ramp-up=5 delayedStart=false
2025-07-08 19:37:24,091 INFO o.a.j.t.JMeterThread: Thread started: Thread Group 1-1
2025-07-08 19:37:24,095 INFO o.a.j.p.h.s.HTTPHCAbstractImpl: Local host = s-vrulin
2025-07-08 19:37:24,098 INFO o.a.j.p.h.s.HTTPHC4Impl: HTTP request retry count = 0
2025-07-08 19:37:24,102 INFO o.a.j.t.ThreadGroup: Started thread group number 1
2025-07-08 19:37:24,102 INFO o.a.j.e.StandardJMeterEngine: All thread groups have been started
2025-07-08 19:37:24,141 INFO o.a.j.t.JMeterThread: Thread started: Thread Group 1-2
2025-07-08 19:37:24,191 INFO o.a.j.t.JMeterThread: Thread started: Thread Group 1-3
2025-07-08 19:37:24,241 INFO o.a.j.t.JMeterThread: Thread started: Thread Group 1-4
2025-07-08 19:37:24,290 INFO o.a.j.t.JMeterThread: Thread started: Thread Group 1-5
2025-07-08 19:37:24,340 INFO o.a.j.t.JMeterThread: Thread started: Thread Group 1-6
2025-07-08 19:37:24,390 INFO o.a.j.t.JMeterThread: Thread started: Thread Group 1-7
2025-07-08 19:37:24,442 INFO o.a.j.t.JMeterThread: Thread started: Thread Group 1-8
2025-07-08 19:37:24,495 INFO o.a.j.t.JMeterThread: Thread started: Thread Group 1-9
2025-07-08 19:37:24,541 INFO o.a.j.t.JMeterThread: Thread started: Thread Group 1-10
2025-07-08 19:37:24,591 INFO o.a.j.t.JMeterThread: Thread started: Thread Group 1-11
2025-07-08 19:37:24,641 INFO o.a.j.t.JMeterThread: Thread started: Thread Group 1-12
2025-07-08 19:37:24,690 INFO o.a.j.t.JMeterThread: Thread started: Thread Group 1-13
2025-07-08 19:37:24,740 INFO o.a.j.t.JMeterThread: Thread started: Thread Group 1-14
2025-07-08 19:37:24,791 INFO o.a.j.t.JMeterThread: Thread started: Thread Group 1-15
2025-07-08 19:37:24,841 INFO o.a.j.t.JMeterThread: Thread started: Thread Group 1-16
2025-07-08 19:37:24,895 INFO o.a.j.t.JMeterThread: Thread started: Thread Group 1-17
2025-07-08 19:37:24,942 INFO o.a.j.t.JMeterThread: Thread started: Thread Group 1-18
2025-07-08 19:37:24,991 INFO o.a.j.t.JMeterThread: Thread started: Thread Group 1-19
2025-07-08 19:37:25,040 INFO o.a.j.t.JMeterThread: Thread started: Thread Group 1-20
2025-07-08 19:37:25,091 INFO o.a.j.t.JMeterThread: Thread started: Thread Group 1-21
2025-07-08 19:37:25,140 INFO o.a.j.t.JMeterThread: Thread started: Thread Group 1-22
2025-07-08 19:37:25,192 INFO o.a.j.t.JMeterThread: Thread started: Thread Group 1-23
2025-07-08 19:37:25,241 INFO o.a.j.t.JMeterThread: Thread started: Thread Group 1-24
2025-07-08 19:37:25,291 INFO o.a.j.t.JMeterThread: Thread started: Thread Group 1-25
2025-07-08 19:37:25,341 INFO o.a.j.t.JMeterThread: Thread started: Thread Group 1-26
2025-07-08 19:37:25,393 INFO o.a.j.t.JMeterThread: Thread started: Thread Group 1-27
2025-07-08 19:37:25,440 INFO o.a.j.t.JMeterThread: Thread started: Thread Group 1-28
2025-07-08 19:37:25,495 INFO o.a.j.t.JMeterThread: Thread started: Thread Group 1-29
2025-07-08 19:37:25,541 INFO o.a.j.t.JMeterThread: Thread started: Thread Group 1-30
2025-07-08 19:37:25,595 INFO o.a.j.t.JMeterThread: Thread started: Thread Group 1-31
2025-07-08 19:37:25,644 INFO o.a.j.t.JMeterThread: Thread started: Thread Group 1-32
2025-07-08 19:37:25,695 INFO o.a.j.t.JMeterThread: Thread started: Thread Group 1-33
2025-07-08 19:37:25,740 INFO o.a.j.t.JMeterThread: Thread started: Thread Group 1-34
2025-07-08 19:37:25,791 INFO o.a.j.t.JMeterThread: Thread started: Thread Group 1-35
2025-07-08 19:37:25,841 INFO o.a.j.t.JMeterThread: Thread started: Thread Group 1-36
2025-07-08 19:37:25,890 INFO o.a.j.t.JMeterThread: Thread started: Thread Group 1-37
2025-07-08 19:37:25,940 INFO o.a.j.t.JMeterThread: Thread started: Thread Group 1-38
2025-07-08 19:37:25,995 INFO o.a.j.t.JMeterThread: Thread started: Thread Group 1-39
2025-07-08 19:37:26,041 INFO o.a.j.t.JMeterThread: Thread started: Thread Group 1-40
2025-07-08 19:37:26,091 INFO o.a.j.t.JMeterThread: Thread started: Thread Group 1-41
2025-07-08 19:37:26,145 INFO o.a.j.t.JMeterThread: Thread started: Thread Group 1-42
2025-07-08 19:37:26,191 INFO o.a.j.t.JMeterThread: Thread started: Thread Group 1-43
2025-07-08 19:37:26,241 INFO o.a.j.t.JMeterThread: Thread started: Thread Group 1-44
2025-07-08 19:37:26,293 INFO o.a.j.t.JMeterThread: Thread started: Thread Group 1-45
2025-07-08 19:37:26,345 INFO o.a.j.t.JMeterThread: Thread started: Thread Group 1-46
2025-07-08 19:37:26,390 INFO o.a.j.t.JMeterThread: Thread started: Thread Group 1-47
2025-07-08 19:37:26,445 INFO o.a.j.t.JMeterThread: Thread started: Thread Group 1-48
2025-07-08 19:37:26,495 INFO o.a.j.t.JMeterThread: Thread started: Thread Group 1-49
2025-07-08 19:37:26,541 INFO o.a.j.t.JMeterThread: Thread started: Thread Group 1-50
2025-07-08 19:37:26,591 INFO o.a.j.t.JMeterThread: Thread started: Thread Group 1-51
2025-07-08 19:37:26,644 INFO o.a.j.t.JMeterThread: Thread started: Thread Group 1-52
2025-07-08 19:37:26,691 INFO o.a.j.t.JMeterThread: Thread started: Thread Group 1-53
2025-07-08 19:37:26,741 INFO o.a.j.t.JMeterThread: Thread started: Thread Group 1-54
2025-07-08 19:37:26,793 INFO o.a.j.t.JMeterThread: Thread started: Thread Group 1-55
2025-07-08 19:37:26,841 INFO o.a.j.t.JMeterThread: Thread started: Thread Group 1-56
2025-07-08 19:37:26,894 INFO o.a.j.t.JMeterThread: Thread started: Thread Group 1-57
2025-07-08 19:37:26,945 INFO o.a.j.t.JMeterThread: Thread started: Thread Group 1-58
2025-07-08 19:37:26,990 INFO o.a.j.t.JMeterThread: Thread started: Thread Group 1-59
2025-07-08 19:37:27,041 INFO o.a.j.t.JMeterThread: Thread started: Thread Group 1-60
2025-07-08 19:37:27,091 INFO o.a.j.t.JMeterThread: Thread started: Thread Group 1-61
2025-07-08 19:37:27,141 INFO o.a.j.t.JMeterThread: Thread started: Thread Group 1-62
2025-07-08 19:37:27,190 INFO o.a.j.t.JMeterThread: Thread started: Thread Group 1-63
2025-07-08 19:37:27,246 INFO o.a.j.t.JMeterThread: Thread started: Thread Group 1-64
2025-07-08 19:37:27,295 INFO o.a.j.t.JMeterThread: Thread started: Thread Group 1-65
2025-07-08 19:37:27,341 INFO o.a.j.t.JMeterThread: Thread started: Thread Group 1-66
2025-07-08 19:37:27,392 INFO o.a.j.t.JMeterThread: Thread started: Thread Group 1-67
2025-07-08 19:37:27,440 INFO o.a.j.t.JMeterThread: Thread started: Thread Group 1-68
2025-07-08 19:37:27,490 INFO o.a.j.t.JMeterThread: Thread started: Thread Group 1-69
2025-07-08 19:37:27,540 INFO o.a.j.t.JMeterThread: Thread started: Thread Group 1-70
2025-07-08 19:37:27,590 INFO o.a.j.t.JMeterThread: Thread started: Thread Group 1-71
2025-07-08 19:37:27,640 INFO o.a.j.t.JMeterThread: Thread started: Thread Group 1-72
2025-07-08 19:37:27,692 INFO o.a.j.t.JMeterThread: Thread started: Thread Group 1-73
2025-07-08 19:37:27,740 INFO o.a.j.t.JMeterThread: Thread started: Thread Group 1-74
2025-07-08 19:37:27,794 INFO o.a.j.t.JMeterThread: Thread started: Thread Group 1-75
2025-07-08 19:37:27,840 INFO o.a.j.t.JMeterThread: Thread started: Thread Group 1-76
2025-07-08 19:37:27,891 INFO o.a.j.t.JMeterThread: Thread started: Thread Group 1-77
2025-07-08 19:37:27,941 INFO o.a.j.t.JMeterThread: Thread started: Thread Group 1-78
2025-07-08 19:37:27,991 INFO o.a.j.t.JMeterThread: Thread started: Thread Group 1-79
2025-07-08 19:37:28,040 INFO o.a.j.t.JMeterThread: Thread started: Thread Group 1-80
2025-07-08 19:37:28,090 INFO o.a.j.t.JMeterThread: Thread started: Thread Group 1-81
2025-07-08 19:37:28,141 INFO o.a.j.t.JMeterThread: Thread started: Thread Group 1-82
2025-07-08 19:37:28,195 INFO o.a.j.t.JMeterThread: Thread started: Thread Group 1-83
2025-07-08 19:37:28,240 INFO o.a.j.t.JMeterThread: Thread started: Thread Group 1-84
2025-07-08 19:37:28,292 INFO o.a.j.t.JMeterThread: Thread started: Thread Group 1-85
2025-07-08 19:37:28,341 INFO o.a.j.t.JMeterThread: Thread started: Thread Group 1-86
2025-07-08 19:37:28,395 INFO o.a.j.t.JMeterThread: Thread started: Thread Group 1-87
2025-07-08 19:37:28,441 INFO o.a.j.t.JMeterThread: Thread started: Thread Group 1-88
2025-07-08 19:37:28,491 INFO o.a.j.t.JMeterThread: Thread started: Thread Group 1-89
2025-07-08 19:37:28,540 INFO o.a.j.t.JMeterThread: Thread started: Thread Group 1-90
2025-07-08 19:37:28,590 INFO o.a.j.t.JMeterThread: Thread started: Thread Group 1-91
2025-07-08 19:37:28,641 INFO o.a.j.t.JMeterThread: Thread started: Thread Group 1-92
2025-07-08 19:37:28,690 INFO o.a.j.t.JMeterThread: Thread started: Thread Group 1-93
2025-07-08 19:37:28,740 INFO o.a.j.t.JMeterThread: Thread started: Thread Group 1-94
2025-07-08 19:37:28,792 INFO o.a.j.t.JMeterThread: Thread started: Thread Group 1-95
2025-07-08 19:37:28,840 INFO o.a.j.t.JMeterThread: Thread started: Thread Group 1-96
2025-07-08 19:37:28,892 INFO o.a.j.t.JMeterThread: Thread started: Thread Group 1-97
2025-07-08 19:37:28,940 INFO o.a.j.t.JMeterThread: Thread started: Thread Group 1-98
2025-07-08 19:37:28,990 INFO o.a.j.t.JMeterThread: Thread started: Thread Group 1-99
2025-07-08 19:37:29,045 INFO o.a.j.t.JMeterThread: Thread started: Thread Group 1-100
2025-07-08 19:37:54,091 INFO o.a.j.t.JMeterThread: Stopping because end time detected by thread: Thread Group 1-1
2025-07-08 19:37:54,091 INFO o.a.j.t.JMeterThread: Thread finished: Thread Group 1-1
2025-07-08 19:37:54,093 INFO o.a.j.t.JMeterThread: Stopping because end time detected by thread: Thread Group 1-7
2025-07-08 19:37:54,093 INFO o.a.j.t.JMeterThread: Thread finished: Thread Group 1-7
2025-07-08 19:37:54,093 INFO o.a.j.t.JMeterThread: Stopping because end time detected by thread: Thread Group 1-3
2025-07-08 19:37:54,093 INFO o.a.j.t.JMeterThread: Stopping because end time detected by thread: Thread Group 1-16
2025-07-08 19:37:54,093 INFO o.a.j.t.JMeterThread: Stopping because end time detected by thread: Thread Group 1-6
2025-07-08 19:37:54,093 INFO o.a.j.t.JMeterThread: Thread finished: Thread Group 1-3
2025-07-08 19:37:54,093 INFO o.a.j.t.JMeterThread: Stopping because end time detected by thread: Thread Group 1-4
2025-07-08 19:37:54,093 INFO o.a.j.t.JMeterThread: Thread finished: Thread Group 1-16
2025-07-08 19:37:54,093 INFO o.a.j.t.JMeterThread: Thread finished: Thread Group 1-6
2025-07-08 19:37:54,093 INFO o.a.j.t.JMeterThread: Thread finished: Thread Group 1-4
2025-07-08 19:37:54,094 INFO o.a.j.t.JMeterThread: Stopping because end time detected by thread: Thread Group 1-14
2025-07-08 19:37:54,094 INFO o.a.j.t.JMeterThread: Thread finished: Thread Group 1-14
2025-07-08 19:37:54,094 INFO o.a.j.t.JMeterThread: Stopping because end time detected by thread: Thread Group 1-10
2025-07-08 19:37:54,094 INFO o.a.j.t.JMeterThread: Thread finished: Thread Group 1-10
2025-07-08 19:37:54,094 INFO o.a.j.t.JMeterThread: Stopping because end time detected by thread: Thread Group 1-11
2025-07-08 19:37:54,094 INFO o.a.j.t.JMeterThread: Stopping because end time detected by thread: Thread Group 1-21
2025-07-08 19:37:54,094 INFO o.a.j.t.JMeterThread: Thread finished: Thread Group 1-21
2025-07-08 19:37:54,094 INFO o.a.j.t.JMeterThread: Thread finished: Thread Group 1-11
2025-07-08 19:37:54,094 INFO o.a.j.t.JMeterThread: Stopping because end time detected by thread: Thread Group 1-9
2025-07-08 19:37:54,094 INFO o.a.j.t.JMeterThread: Thread finished: Thread Group 1-9
2025-07-08 19:37:54,094 INFO o.a.j.t.JMeterThread: Stopping because end time detected by thread: Thread Group 1-19
2025-07-08 19:37:54,094 INFO o.a.j.t.JMeterThread: Thread finished: Thread Group 1-19
2025-07-08 19:37:54,095 INFO o.a.j.t.JMeterThread: Stopping because end time detected by thread: Thread Group 1-8
2025-07-08 19:37:54,095 INFO o.a.j.t.JMeterThread: Thread finished: Thread Group 1-8
2025-07-08 19:37:54,095 INFO o.a.j.t.JMeterThread: Stopping because end time detected by thread: Thread Group 1-15
2025-07-08 19:37:54,095 INFO o.a.j.t.JMeterThread: Thread finished: Thread Group 1-15
2025-07-08 19:37:54,095 INFO o.a.j.t.JMeterThread: Stopping because end time detected by thread: Thread Group 1-12
2025-07-08 19:37:54,095 INFO o.a.j.t.JMeterThread: Thread finished: Thread Group 1-12
2025-07-08 19:37:54,095 INFO o.a.j.t.JMeterThread: Stopping because end time detected by thread: Thread Group 1-5
2025-07-08 19:37:54,095 INFO o.a.j.t.JMeterThread: Thread finished: Thread Group 1-5
2025-07-08 19:37:54,096 INFO o.a.j.t.JMeterThread: Stopping because end time detected by thread: Thread Group 1-2
2025-07-08 19:37:54,096 INFO o.a.j.t.JMeterThread: Stopping because end time detected by thread: Thread Group 1-32
2025-07-08 19:37:54,096 INFO o.a.j.t.JMeterThread: Thread finished: Thread Group 1-2
2025-07-08 19:37:54,096 INFO o.a.j.t.JMeterThread: Thread finished: Thread Group 1-32
2025-07-08 19:37:54,096 INFO o.a.j.t.JMeterThread: Stopping because end time detected by thread: Thread Group 1-34
2025-07-08 19:37:54,096 INFO o.a.j.t.JMeterThread: Thread finished: Thread Group 1-34
2025-07-08 19:37:54,096 INFO o.a.j.t.JMeterThread: Stopping because end time detected by thread: Thread Group 1-30
2025-07-08 19:37:54,096 INFO o.a.j.t.JMeterThread: Thread finished: Thread Group 1-30
2025-07-08 19:37:54,096 INFO o.a.j.t.JMeterThread: Stopping because end time detected by thread: Thread Group 1-35
2025-07-08 19:37:54,096 INFO o.a.j.t.JMeterThread: Thread finished: Thread Group 1-35
2025-07-08 19:37:54,096 INFO o.a.j.t.JMeterThread: Stopping because end time detected by thread: Thread Group 1-27
2025-07-08 19:37:54,096 INFO o.a.j.t.JMeterThread: Stopping because end time detected by thread: Thread Group 1-44
2025-07-08 19:37:54,096 INFO o.a.j.t.JMeterThread: Stopping because end time detected by thread: Thread Group 1-20
2025-07-08 19:37:54,097 INFO o.a.j.t.JMeterThread: Thread finished: Thread Group 1-27
2025-07-08 19:37:54,096 INFO o.a.j.t.JMeterThread: Stopping because end time detected by thread: Thread Group 1-29
2025-07-08 19:37:54,097 INFO o.a.j.t.JMeterThread: Thread finished: Thread Group 1-20
2025-07-08 19:37:54,097 INFO o.a.j.t.JMeterThread: Thread finished: Thread Group 1-44
2025-07-08 19:37:54,097 INFO o.a.j.t.JMeterThread: Thread finished: Thread Group 1-29
2025-07-08 19:37:54,097 INFO o.a.j.t.JMeterThread: Stopping because end time detected by thread: Thread Group 1-36
2025-07-08 19:37:54,097 INFO o.a.j.t.JMeterThread: Stopping because end time detected by thread: Thread Group 1-17
2025-07-08 19:37:54,097 INFO o.a.j.t.JMeterThread: Thread finished: Thread Group 1-36
2025-07-08 19:37:54,097 INFO o.a.j.t.JMeterThread: Thread finished: Thread Group 1-17
2025-07-08 19:37:54,098 INFO o.a.j.t.JMeterThread: Stopping because end time detected by thread: Thread Group 1-28
2025-07-08 19:37:54,098 INFO o.a.j.t.JMeterThread: Stopping because end time detected by thread: Thread Group 1-58
2025-07-08 19:37:54,098 INFO o.a.j.t.JMeterThread: Thread finished: Thread Group 1-28
2025-07-08 19:37:54,098 INFO o.a.j.t.JMeterThread: Thread finished: Thread Group 1-58
2025-07-08 19:37:54,098 INFO o.a.j.t.JMeterThread: Stopping because end time detected by thread: Thread Group 1-23
2025-07-08 19:37:54,098 INFO o.a.j.t.JMeterThread: Thread finished: Thread Group 1-23
2025-07-08 19:37:54,098 INFO o.a.j.t.JMeterThread: Stopping because end time detected by thread: Thread Group 1-26
2025-07-08 19:37:54,098 INFO o.a.j.t.JMeterThread: Stopping because end time detected by thread: Thread Group 1-49
2025-07-08 19:37:54,098 INFO o.a.j.t.JMeterThread: Thread finished: Thread Group 1-26
2025-07-08 19:37:54,098 INFO o.a.j.t.JMeterThread: Thread finished: Thread Group 1-49
2025-07-08 19:37:54,098 INFO o.a.j.t.JMeterThread: Stopping because end time detected by thread: Thread Group 1-42
2025-07-08 19:37:54,098 INFO o.a.j.t.JMeterThread: Stopping because end time detected by thread: Thread Group 1-18
2025-07-08 19:37:54,098 INFO o.a.j.t.JMeterThread: Thread finished: Thread Group 1-18
2025-07-08 19:37:54,098 INFO o.a.j.t.JMeterThread: Thread finished: Thread Group 1-42
2025-07-08 19:37:54,099 INFO o.a.j.t.JMeterThread: Stopping because end time detected by thread: Thread Group 1-24
2025-07-08 19:37:54,099 INFO o.a.j.t.JMeterThread: Thread finished: Thread Group 1-24
2025-07-08 19:37:54,099 INFO o.a.j.t.JMeterThread: Stopping because end time detected by thread: Thread Group 1-22
2025-07-08 19:37:54,099 INFO o.a.j.t.JMeterThread: Thread finished: Thread Group 1-22
2025-07-08 19:37:54,099 INFO o.a.j.t.JMeterThread: Stopping because end time detected by thread: Thread Group 1-40
2025-07-08 19:37:54,099 INFO o.a.j.t.JMeterThread: Stopping because end time detected by thread: Thread Group 1-50
2025-07-08 19:37:54,099 INFO o.a.j.t.JMeterThread: Thread finished: Thread Group 1-40
2025-07-08 19:37:54,099 INFO o.a.j.t.JMeterThread: Thread finished: Thread Group 1-50
2025-07-08 19:37:54,099 INFO o.a.j.t.JMeterThread: Stopping because end time detected by thread: Thread Group 1-67
2025-07-08 19:37:54,099 INFO o.a.j.t.JMeterThread: Stopping because end time detected by thread: Thread Group 1-48
2025-07-08 19:37:54,099 INFO o.a.j.t.JMeterThread: Thread finished: Thread Group 1-67
2025-07-08 19:37:54,099 INFO o.a.j.t.JMeterThread: Thread finished: Thread Group 1-48
2025-07-08 19:37:54,099 INFO o.a.j.t.JMeterThread: Stopping because end time detected by thread: Thread Group 1-38
2025-07-08 19:37:54,099 INFO o.a.j.t.JMeterThread: Thread finished: Thread Group 1-38
2025-07-08 19:37:54,099 INFO o.a.j.t.JMeterThread: Stopping because end time detected by thread: Thread Group 1-65
2025-07-08 19:37:54,099 INFO o.a.j.t.JMeterThread: Thread finished: Thread Group 1-65
2025-07-08 19:37:54,101 INFO o.a.j.t.JMeterThread: Stopping because end time detected by thread: Thread Group 1-41
2025-07-08 19:37:54,101 INFO o.a.j.t.JMeterThread: Stopping because end time detected by thread: Thread Group 1-60
2025-07-08 19:37:54,101 INFO o.a.j.t.JMeterThread: Stopping because end time detected by thread: Thread Group 1-39
2025-07-08 19:37:54,101 INFO o.a.j.t.JMeterThread: Stopping because end time detected by thread: Thread Group 1-51
2025-07-08 19:37:54,101 INFO o.a.j.t.JMeterThread: Thread finished: Thread Group 1-60
2025-07-08 19:37:54,101 INFO o.a.j.t.JMeterThread: Stopping because end time detected by thread: Thread Group 1-68
2025-07-08 19:37:54,101 INFO o.a.j.t.JMeterThread: Stopping because end time detected by thread: Thread Group 1-37
2025-07-08 19:37:54,101 INFO o.a.j.t.JMeterThread: Thread finished: Thread Group 1-41
2025-07-08 19:37:54,101 INFO o.a.j.t.JMeterThread: Stopping because end time detected by thread: Thread Group 1-71
2025-07-08 19:37:54,101 INFO o.a.j.t.JMeterThread: Thread finished: Thread Group 1-39
2025-07-08 19:37:54,101 INFO o.a.j.t.JMeterThread: Thread finished: Thread Group 1-71
2025-07-08 19:37:54,101 INFO o.a.j.t.JMeterThread: Thread finished: Thread Group 1-37
2025-07-08 19:37:54,101 INFO o.a.j.t.JMeterThread: Stopping because end time detected by thread: Thread Group 1-63
2025-07-08 19:37:54,101 INFO o.a.j.t.JMeterThread: Stopping because end time detected by thread: Thread Group 1-33
2025-07-08 19:37:54,101 INFO o.a.j.t.JMeterThread: Thread finished: Thread Group 1-33
2025-07-08 19:37:54,101 INFO o.a.j.t.JMeterThread: Stopping because end time detected by thread: Thread Group 1-31
2025-07-08 19:37:54,101 INFO o.a.j.t.JMeterThread: Thread finished: Thread Group 1-31
2025-07-08 19:37:54,101 INFO o.a.j.t.JMeterThread: Thread finished: Thread Group 1-68
2025-07-08 19:37:54,101 INFO o.a.j.t.JMeterThread: Stopping because end time detected by thread: Thread Group 1-43
2025-07-08 19:37:54,101 INFO o.a.j.t.JMeterThread: Thread finished: Thread Group 1-63
2025-07-08 19:37:54,101 INFO o.a.j.t.JMeterThread: Stopping because end time detected by thread: Thread Group 1-85
2025-07-08 19:37:54,101 INFO o.a.j.t.JMeterThread: Thread finished: Thread Group 1-43
2025-07-08 19:37:54,101 INFO o.a.j.t.JMeterThread: Thread finished: Thread Group 1-85
2025-07-08 19:37:54,101 INFO o.a.j.t.JMeterThread: Thread finished: Thread Group 1-51
2025-07-08 19:37:54,101 INFO o.a.j.t.JMeterThread: Stopping because end time detected by thread: Thread Group 1-62
2025-07-08 19:37:54,101 INFO o.a.j.t.JMeterThread: Thread finished: Thread Group 1-62
2025-07-08 19:37:54,102 INFO o.a.j.t.JMeterThread: Stopping because end time detected by thread: Thread Group 1-89
2025-07-08 19:37:54,102 INFO o.a.j.t.JMeterThread: Thread finished: Thread Group 1-89
2025-07-08 19:37:54,102 INFO o.a.j.t.JMeterThread: Stopping because end time detected by thread: Thread Group 1-69
2025-07-08 19:37:54,102 INFO o.a.j.t.JMeterThread: Thread finished: Thread Group 1-69
2025-07-08 19:37:54,102 INFO o.a.j.t.JMeterThread: Stopping because end time detected by thread: Thread Group 1-98
2025-07-08 19:37:54,102 INFO o.a.j.t.JMeterThread: Thread finished: Thread Group 1-98
2025-07-08 19:37:54,102 INFO o.a.j.t.JMeterThread: Stopping because end time detected by thread: Thread Group 1-80
2025-07-08 19:37:54,102 INFO o.a.j.t.JMeterThread: Thread finished: Thread Group 1-80
2025-07-08 19:37:54,102 INFO o.a.j.t.JMeterThread: Stopping because end time detected by thread: Thread Group 1-66
2025-07-08 19:37:54,102 INFO o.a.j.t.JMeterThread: Stopping because end time detected by thread: Thread Group 1-61
2025-07-08 19:37:54,102 INFO o.a.j.t.JMeterThread: Thread finished: Thread Group 1-66
2025-07-08 19:37:54,102 INFO o.a.j.t.JMeterThread: Stopping because end time detected by thread: Thread Group 1-59
2025-07-08 19:37:54,102 INFO o.a.j.t.JMeterThread: Stopping because end time detected by thread: Thread Group 1-95
2025-07-08 19:37:54,102 INFO o.a.j.t.JMeterThread: Thread finished: Thread Group 1-59
2025-07-08 19:37:54,102 INFO o.a.j.t.JMeterThread: Thread finished: Thread Group 1-61
2025-07-08 19:37:54,102 INFO o.a.j.t.JMeterThread: Thread finished: Thread Group 1-95
2025-07-08 19:37:54,103 INFO o.a.j.t.JMeterThread: Stopping because end time detected by thread: Thread Group 1-96
2025-07-08 19:37:54,103 INFO o.a.j.t.JMeterThread: Thread finished: Thread Group 1-96
2025-07-08 19:37:54,103 INFO o.a.j.t.JMeterThread: Stopping because end time detected by thread: Thread Group 1-87
2025-07-08 19:37:54,103 INFO o.a.j.t.JMeterThread: Thread finished: Thread Group 1-87
2025-07-08 19:37:54,103 INFO o.a.j.t.JMeterThread: Stopping because end time detected by thread: Thread Group 1-13
2025-07-08 19:37:54,103 INFO o.a.j.t.JMeterThread: Stopping because end time detected by thread: Thread Group 1-93
2025-07-08 19:37:54,103 INFO o.a.j.t.JMeterThread: Thread finished: Thread Group 1-13
2025-07-08 19:37:54,103 INFO o.a.j.t.JMeterThread: Thread finished: Thread Group 1-93
2025-07-08 19:37:54,103 INFO o.a.j.t.JMeterThread: Stopping because end time detected by thread: Thread Group 1-99
2025-07-08 19:37:54,103 INFO o.a.j.t.JMeterThread: Thread finished: Thread Group 1-99
2025-07-08 19:37:54,103 INFO o.a.j.t.JMeterThread: Stopping because end time detected by thread: Thread Group 1-70
2025-07-08 19:37:54,103 INFO o.a.j.t.JMeterThread: Stopping because end time detected by thread: Thread Group 1-52
2025-07-08 19:37:54,103 INFO o.a.j.t.JMeterThread: Thread finished: Thread Group 1-70
2025-07-08 19:37:54,103 INFO o.a.j.t.JMeterThread: Stopping because end time detected by thread: Thread Group 1-54
2025-07-08 19:37:54,103 INFO o.a.j.t.JMeterThread: Thread finished: Thread Group 1-52
2025-07-08 19:37:54,103 INFO o.a.j.t.JMeterThread: Stopping because end time detected by thread: Thread Group 1-82
2025-07-08 19:37:54,103 INFO o.a.j.t.JMeterThread: Thread finished: Thread Group 1-54
2025-07-08 19:37:54,103 INFO o.a.j.t.JMeterThread: Stopping because end time detected by thread: Thread Group 1-45
2025-07-08 19:37:54,103 INFO o.a.j.t.JMeterThread: Thread finished: Thread Group 1-82
2025-07-08 19:37:54,103 INFO o.a.j.t.JMeterThread: Thread finished: Thread Group 1-45
2025-07-08 19:37:54,104 INFO o.a.j.t.JMeterThread: Stopping because end time detected by thread: Thread Group 1-25
2025-07-08 19:37:54,104 INFO o.a.j.t.JMeterThread: Thread finished: Thread Group 1-25
2025-07-08 19:37:54,104 INFO o.a.j.t.JMeterThread: Stopping because end time detected by thread: Thread Group 1-83
2025-07-08 19:37:54,104 INFO o.a.j.t.JMeterThread: Stopping because end time detected by thread: Thread Group 1-77
2025-07-08 19:37:54,104 INFO o.a.j.t.JMeterThread: Stopping because end time detected by thread: Thread Group 1-53
2025-07-08 19:37:54,104 INFO o.a.j.t.JMeterThread: Thread finished: Thread Group 1-83
2025-07-08 19:37:54,104 INFO o.a.j.t.JMeterThread: Thread finished: Thread Group 1-53
2025-07-08 19:37:54,104 INFO o.a.j.t.JMeterThread: Stopping because end time detected by thread: Thread Group 1-73
2025-07-08 19:37:54,104 INFO o.a.j.t.JMeterThread: Stopping because end time detected by thread: Thread Group 1-64
2025-07-08 19:37:54,104 INFO o.a.j.t.JMeterThread: Stopping because end time detected by thread: Thread Group 1-75
2025-07-08 19:37:54,104 INFO o.a.j.t.JMeterThread: Thread finished: Thread Group 1-73
2025-07-08 19:37:54,104 INFO o.a.j.t.JMeterThread: Thread finished: Thread Group 1-75
2025-07-08 19:37:54,104 INFO o.a.j.t.JMeterThread: Stopping because end time detected by thread: Thread Group 1-74
2025-07-08 19:37:54,104 INFO o.a.j.t.JMeterThread: Thread finished: Thread Group 1-77
2025-07-08 19:37:54,104 INFO o.a.j.t.JMeterThread: Stopping because end time detected by thread: Thread Group 1-94
2025-07-08 19:37:54,104 INFO o.a.j.t.JMeterThread: Stopping because end time detected by thread: Thread Group 1-86
2025-07-08 19:37:54,104 INFO o.a.j.t.JMeterThread: Stopping because end time detected by thread: Thread Group 1-78
2025-07-08 19:37:54,104 INFO o.a.j.t.JMeterThread: Stopping because end time detected by thread: Thread Group 1-91
2025-07-08 19:37:54,104 INFO o.a.j.t.JMeterThread: Thread finished: Thread Group 1-78
2025-07-08 19:37:54,104 INFO o.a.j.t.JMeterThread: Thread finished: Thread Group 1-86
2025-07-08 19:37:54,104 INFO o.a.j.t.JMeterThread: Thread finished: Thread Group 1-94
2025-07-08 19:37:54,104 INFO o.a.j.t.JMeterThread: Stopping because end time detected by thread: Thread Group 1-88
2025-07-08 19:37:54,104 INFO o.a.j.t.JMeterThread: Stopping because end time detected by thread: Thread Group 1-47
2025-07-08 19:37:54,104 INFO o.a.j.t.JMeterThread: Thread finished: Thread Group 1-88
2025-07-08 19:37:54,104 INFO o.a.j.t.JMeterThread: Thread finished: Thread Group 1-74
2025-07-08 19:37:54,104 INFO o.a.j.t.JMeterThread: Stopping because end time detected by thread: Thread Group 1-97
2025-07-08 19:37:54,104 INFO o.a.j.t.JMeterThread: Stopping because end time detected by thread: Thread Group 1-81
2025-07-08 19:37:54,104 INFO o.a.j.t.JMeterThread: Thread finished: Thread Group 1-97
2025-07-08 19:37:54,105 INFO o.a.j.t.JMeterThread: Thread finished: Thread Group 1-81
2025-07-08 19:37:54,104 INFO o.a.j.t.JMeterThread: Stopping because end time detected by thread: Thread Group 1-46
2025-07-08 19:37:54,104 INFO o.a.j.t.JMeterThread: Stopping because end time detected by thread: Thread Group 1-55
2025-07-08 19:37:54,104 INFO o.a.j.t.JMeterThread: Stopping because end time detected by thread: Thread Group 1-90
2025-07-08 19:37:54,105 INFO o.a.j.t.JMeterThread: Thread finished: Thread Group 1-55
2025-07-08 19:37:54,104 INFO o.a.j.t.JMeterThread: Stopping because end time detected by thread: Thread Group 1-56
2025-07-08 19:37:54,104 INFO o.a.j.t.JMeterThread: Stopping because end time detected by thread: Thread Group 1-72
2025-07-08 19:37:54,105 INFO o.a.j.t.JMeterThread: Thread finished: Thread Group 1-90
2025-07-08 19:37:54,105 INFO o.a.j.t.JMeterThread: Thread finished: Thread Group 1-56
2025-07-08 19:37:54,105 INFO o.a.j.t.JMeterThread: Thread finished: Thread Group 1-72
2025-07-08 19:37:54,104 INFO o.a.j.t.JMeterThread: Thread finished: Thread Group 1-64
2025-07-08 19:37:54,104 INFO o.a.j.t.JMeterThread: Thread finished: Thread Group 1-47
2025-07-08 19:37:54,105 INFO o.a.j.t.JMeterThread: Thread finished: Thread Group 1-46
2025-07-08 19:37:54,105 INFO o.a.j.t.JMeterThread: Thread finished: Thread Group 1-91
2025-07-08 19:37:54,105 INFO o.a.j.t.JMeterThread: Stopping because end time detected by thread: Thread Group 1-57
2025-07-08 19:37:54,105 INFO o.a.j.t.JMeterThread: Stopping because end time detected by thread: Thread Group 1-100
2025-07-08 19:37:54,105 INFO o.a.j.t.JMeterThread: Stopping because end time detected by thread: Thread Group 1-92
2025-07-08 19:37:54,105 INFO o.a.j.t.JMeterThread: Thread finished: Thread Group 1-57
2025-07-08 19:37:54,105 INFO o.a.j.t.JMeterThread: Stopping because end time detected by thread: Thread Group 1-84
2025-07-08 19:37:54,105 INFO o.a.j.t.JMeterThread: Stopping because end time detected by thread: Thread Group 1-76
2025-07-08 19:37:54,105 INFO o.a.j.t.JMeterThread: Thread finished: Thread Group 1-100
2025-07-08 19:37:54,105 INFO o.a.j.t.JMeterThread: Thread finished: Thread Group 1-76
2025-07-08 19:37:54,105 INFO o.a.j.t.JMeterThread: Stopping because end time detected by thread: Thread Group 1-79
2025-07-08 19:37:54,105 INFO o.a.j.t.JMeterThread: Thread finished: Thread Group 1-92
2025-07-08 19:37:54,105 INFO o.a.j.t.JMeterThread: Thread finished: Thread Group 1-84
2025-07-08 19:37:54,105 INFO o.a.j.t.JMeterThread: Thread finished: Thread Group 1-79
2025-07-08 19:37:54,106 INFO o.a.j.e.StandardJMeterEngine: Notifying test listeners of end of test
2025-07-08 19:37:54,106 INFO o.a.j.g.u.JMeterMenuBar: setRunning(false, *local*)
2025-07-08 19:49:29,001 INFO o.a.j.e.StandardJMeterEngine: Running the test!
2025-07-08 19:49:29,002 INFO o.a.j.s.SampleEvent: List of sample_variables: []
2025-07-08 19:49:29,002 INFO o.a.j.g.u.JMeterMenuBar: setRunning(true, *local*)
2025-07-08 19:49:29,033 INFO o.a.j.e.StandardJMeterEngine: Starting ThreadGroup: 1 : Thread Group
2025-07-08 19:49:29,033 INFO o.a.j.e.StandardJMeterEngine: Starting 100 threads for group Thread Group.
2025-07-08 19:49:29,033 INFO o.a.j.e.StandardJMeterEngine: Thread will continue on error
2025-07-08 19:49:29,033 INFO o.a.j.t.ThreadGroup: Starting thread group... number=1 threads=100 ramp-up=5 delayedStart=false
2025-07-08 19:49:29,034 INFO o.a.j.t.JMeterThread: Thread started: Thread Group 1-1
2025-07-08 19:49:29,046 INFO o.a.j.t.ThreadGroup: Started thread group number 1
2025-07-08 19:49:29,046 INFO o.a.j.e.StandardJMeterEngine: All thread groups have been started
2025-07-08 19:49:29,085 INFO o.a.j.t.JMeterThread: Thread started: Thread Group 1-2
2025-07-08 19:49:29,137 INFO o.a.j.t.JMeterThread: Thread started: Thread Group 1-3
2025-07-08 19:49:29,187 INFO o.a.j.t.JMeterThread: Thread started: Thread Group 1-4
2025-07-08 19:49:29,235 INFO o.a.j.t.JMeterThread: Thread started: Thread Group 1-5
2025-07-08 19:49:29,283 INFO o.a.j.t.JMeterThread: Thread started: Thread Group 1-6
2025-07-08 19:49:29,338 INFO o.a.j.t.JMeterThread: Thread started: Thread Group 1-7
2025-07-08 19:49:29,388 INFO o.a.j.t.JMeterThread: Thread started: Thread Group 1-8
2025-07-08 19:49:29,435 INFO o.a.j.t.JMeterThread: Thread started: Thread Group 1-9
2025-07-08 19:49:29,483 INFO o.a.j.t.JMeterThread: Thread started: Thread Group 1-10
2025-07-08 19:49:29,537 INFO o.a.j.t.JMeterThread: Thread started: Thread Group 1-11
2025-07-08 19:49:29,587 INFO o.a.j.t.JMeterThread: Thread started: Thread Group 1-12
2025-07-08 19:49:29,634 INFO o.a.j.t.JMeterThread: Thread started: Thread Group 1-13
2025-07-08 19:49:29,683 INFO o.a.j.t.JMeterThread: Thread started: Thread Group 1-14
2025-07-08 19:49:29,733 INFO o.a.j.t.JMeterThread: Thread started: Thread Group 1-15
2025-07-08 19:49:29,787 INFO o.a.j.t.JMeterThread: Thread started: Thread Group 1-16
2025-07-08 19:49:29,839 INFO o.a.j.t.JMeterThread: Thread started: Thread Group 1-17
2025-07-08 19:49:29,887 INFO o.a.j.t.JMeterThread: Thread started: Thread Group 1-18
2025-07-08 19:49:29,939 INFO o.a.j.t.JMeterThread: Thread started: Thread Group 1-19
2025-07-08 19:49:29,987 INFO o.a.j.t.JMeterThread: Thread started: Thread Group 1-20
2025-07-08 19:49:30,035 INFO o.a.j.t.JMeterThread: Thread started: Thread Group 1-21
2025-07-08 19:49:30,084 INFO o.a.j.t.JMeterThread: Thread started: Thread Group 1-22
2025-07-08 19:49:30,133 INFO o.a.j.t.JMeterThread: Thread started: Thread Group 1-23
2025-07-08 19:49:30,184 INFO o.a.j.t.JMeterThread: Thread started: Thread Group 1-24
2025-07-08 19:49:30,234 INFO o.a.j.t.JMeterThread: Thread started: Thread Group 1-25
2025-07-08 19:49:30,284 INFO o.a.j.t.JMeterThread: Thread started: Thread Group 1-26
2025-07-08 19:49:30,333 INFO o.a.j.t.JMeterThread: Thread started: Thread Group 1-27
2025-07-08 19:49:30,387 INFO o.a.j.t.JMeterThread: Thread started: Thread Group 1-28
2025-07-08 19:49:30,437 INFO o.a.j.t.JMeterThread: Thread started: Thread Group 1-29
2025-07-08 19:49:30,487 INFO o.a.j.t.JMeterThread: Thread started: Thread Group 1-30
2025-07-08 19:49:30,537 INFO o.a.j.t.JMeterThread: Thread started: Thread Group 1-31
2025-07-08 19:49:30,587 INFO o.a.j.t.JMeterThread: Thread started: Thread Group 1-32
2025-07-08 19:49:30,639 INFO o.a.j.t.JMeterThread: Thread started: Thread Group 1-33
2025-07-08 19:49:30,683 INFO o.a.j.t.JMeterThread: Thread started: Thread Group 1-34
2025-07-08 19:49:30,736 INFO o.a.j.t.JMeterThread: Thread started: Thread Group 1-35
2025-07-08 19:49:30,787 INFO o.a.j.t.JMeterThread: Thread started: Thread Group 1-36
2025-07-08 19:49:30,835 INFO o.a.j.t.JMeterThread: Thread started: Thread Group 1-37
2025-07-08 19:49:30,888 INFO o.a.j.t.JMeterThread: Thread started: Thread Group 1-38
2025-07-08 19:49:30,936 INFO o.a.j.t.JMeterThread: Thread started: Thread Group 1-39
2025-07-08 19:49:30,984 INFO o.a.j.t.JMeterThread: Thread started: Thread Group 1-40
2025-07-08 19:49:31,038 INFO o.a.j.t.JMeterThread: Thread started: Thread Group 1-41
2025-07-08 19:49:31,085 INFO o.a.j.t.JMeterThread: Thread started: Thread Group 1-42
2025-07-08 19:49:31,133 INFO o.a.j.t.JMeterThread: Thread started: Thread Group 1-43
2025-07-08 19:49:31,187 INFO o.a.j.t.JMeterThread: Thread started: Thread Group 1-44
2025-07-08 19:49:31,233 INFO o.a.j.t.JMeterThread: Thread started: Thread Group 1-45
2025-07-08 19:49:31,288 INFO o.a.j.t.JMeterThread: Thread started: Thread Group 1-46
2025-07-08 19:49:31,336 INFO o.a.j.t.JMeterThread: Thread started: Thread Group 1-47
2025-07-08 19:49:31,384 INFO o.a.j.t.JMeterThread: Thread started: Thread Group 1-48
2025-07-08 19:49:31,437 INFO o.a.j.t.JMeterThread: Thread started: Thread Group 1-49
2025-07-08 19:49:31,484 INFO o.a.j.t.JMeterThread: Thread started: Thread Group 1-50
2025-07-08 19:49:31,535 INFO o.a.j.t.JMeterThread: Thread started: Thread Group 1-51
2025-07-08 19:49:31,588 INFO o.a.j.t.JMeterThread: Thread started: Thread Group 1-52
2025-07-08 19:49:31,637 INFO o.a.j.t.JMeterThread: Thread started: Thread Group 1-53
2025-07-08 19:49:31,688 INFO o.a.j.t.JMeterThread: Thread started: Thread Group 1-54
2025-07-08 19:49:31,735 INFO o.a.j.t.JMeterThread: Thread started: Thread Group 1-55
2025-07-08 19:49:31,786 INFO o.a.j.t.JMeterThread: Thread started: Thread Group 1-56
2025-07-08 19:49:31,836 INFO o.a.j.t.JMeterThread: Thread started: Thread Group 1-57
2025-07-08 19:49:31,886 INFO o.a.j.t.JMeterThread: Thread started: Thread Group 1-58
2025-07-08 19:49:31,937 INFO o.a.j.t.JMeterThread: Thread started: Thread Group 1-59
2025-07-08 19:49:31,987 INFO o.a.j.t.JMeterThread: Thread started: Thread Group 1-60
2025-07-08 19:49:32,036 INFO o.a.j.t.JMeterThread: Thread started: Thread Group 1-61
2025-07-08 19:49:32,087 INFO o.a.j.t.JMeterThread: Thread started: Thread Group 1-62
2025-07-08 19:49:32,137 INFO o.a.j.t.JMeterThread: Thread started: Thread Group 1-63
2025-07-08 19:49:32,185 INFO o.a.j.t.JMeterThread: Thread started: Thread Group 1-64
2025-07-08 19:49:32,235 INFO o.a.j.t.JMeterThread: Thread started: Thread Group 1-65
2025-07-08 19:49:32,287 INFO o.a.j.t.JMeterThread: Thread started: Thread Group 1-66
2025-07-08 19:49:32,338 INFO o.a.j.t.JMeterThread: Thread started: Thread Group 1-67
2025-07-08 19:49:32,388 INFO o.a.j.t.JMeterThread: Thread started: Thread Group 1-68
2025-07-08 19:49:32,437 INFO o.a.j.t.JMeterThread: Thread started: Thread Group 1-69
2025-07-08 19:49:32,484 INFO o.a.j.t.JMeterThread: Thread started: Thread Group 1-70
2025-07-08 19:49:32,534 INFO o.a.j.t.JMeterThread: Thread started: Thread Group 1-71
2025-07-08 19:49:32,585 INFO o.a.j.t.JMeterThread: Thread started: Thread Group 1-72
2025-07-08 19:49:32,639 INFO o.a.j.t.JMeterThread: Thread started: Thread Group 1-73
2025-07-08 19:49:32,687 INFO o.a.j.t.JMeterThread: Thread started: Thread Group 1-74
2025-07-08 19:49:32,737 INFO o.a.j.t.JMeterThread: Thread started: Thread Group 1-75
2025-07-08 19:49:32,788 INFO o.a.j.t.JMeterThread: Thread started: Thread Group 1-76
2025-07-08 19:49:32,837 INFO o.a.j.t.JMeterThread: Thread started: Thread Group 1-77
2025-07-08 19:49:32,885 INFO o.a.j.t.JMeterThread: Thread started: Thread Group 1-78
2025-07-08 19:49:32,938 INFO o.a.j.t.JMeterThread: Thread started: Thread Group 1-79
2025-07-08 19:49:32,988 INFO o.a.j.t.JMeterThread: Thread started: Thread Group 1-80
2025-07-08 19:49:33,037 INFO o.a.j.t.JMeterThread: Thread started: Thread Group 1-81
2025-07-08 19:49:33,088 INFO o.a.j.t.JMeterThread: Thread started: Thread Group 1-82
2025-07-08 19:49:33,137 INFO o.a.j.t.JMeterThread: Thread started: Thread Group 1-83
2025-07-08 19:49:33,184 INFO o.a.j.t.JMeterThread: Thread started: Thread Group 1-84
2025-07-08 19:49:33,234 INFO o.a.j.t.JMeterThread: Thread started: Thread Group 1-85
2025-07-08 19:49:33,285 INFO o.a.j.t.JMeterThread: Thread started: Thread Group 1-86
2025-07-08 19:49:33,337 INFO o.a.j.t.JMeterThread: Thread started: Thread Group 1-87
2025-07-08 19:49:33,385 INFO o.a.j.t.JMeterThread: Thread started: Thread Group 1-88
2025-07-08 19:49:33,438 INFO o.a.j.t.JMeterThread: Thread started: Thread Group 1-89
2025-07-08 19:49:33,487 INFO o.a.j.t.JMeterThread: Thread started: Thread Group 1-90
2025-07-08 19:49:33,533 INFO o.a.j.t.JMeterThread: Thread started: Thread Group 1-91
2025-07-08 19:49:33,584 INFO o.a.j.t.JMeterThread: Thread started: Thread Group 1-92
2025-07-08 19:49:33,635 INFO o.a.j.t.JMeterThread: Thread started: Thread Group 1-93
2025-07-08 19:49:33,687 INFO o.a.j.t.JMeterThread: Thread started: Thread Group 1-94
2025-07-08 19:49:33,734 INFO o.a.j.t.JMeterThread: Thread started: Thread Group 1-95
2025-07-08 19:49:33,788 INFO o.a.j.t.JMeterThread: Thread started: Thread Group 1-96
2025-07-08 19:49:33,838 INFO o.a.j.t.JMeterThread: Thread started: Thread Group 1-97
2025-07-08 19:49:33,888 INFO o.a.j.t.JMeterThread: Thread started: Thread Group 1-98
2025-07-08 19:49:33,935 INFO o.a.j.t.JMeterThread: Thread started: Thread Group 1-99
2025-07-08 19:49:33,985 INFO o.a.j.t.JMeterThread: Thread started: Thread Group 1-100
2025-07-08 19:49:37,446 INFO o.a.j.g.a.Start: Shutting test down
2025-07-08 19:49:37,460 INFO o.a.j.t.JMeterThread: Stopping: Thread Group 1-26
2025-07-08 19:49:37,460 INFO o.a.j.t.JMeterThread: Stopping: Thread Group 1-93
2025-07-08 19:49:37,460 INFO o.a.j.t.JMeterThread: Stopping: Thread Group 1-22
2025-07-08 19:49:37,460 INFO o.a.j.t.JMeterThread: Stopping: Thread Group 1-39
2025-07-08 19:49:37,460 INFO o.a.j.t.JMeterThread: Stopping: Thread Group 1-75
2025-07-08 19:49:37,460 INFO o.a.j.t.JMeterThread: Stopping: Thread Group 1-89
2025-07-08 19:49:37,460 INFO o.a.j.t.JMeterThread: Stopping: Thread Group 1-95
2025-07-08 19:49:37,460 INFO o.a.j.t.JMeterThread: Stopping: Thread Group 1-80
2025-07-08 19:49:37,460 INFO o.a.j.t.JMeterThread: Stopping: Thread Group 1-99
2025-07-08 19:49:37,460 INFO o.a.j.t.JMeterThread: Stopping: Thread Group 1-47
2025-07-08 19:49:37,460 INFO o.a.j.t.JMeterThread: Stopping: Thread Group 1-29
2025-07-08 19:49:37,460 INFO o.a.j.t.JMeterThread: Stopping: Thread Group 1-87
2025-07-08 19:49:37,460 INFO o.a.j.t.JMeterThread: Stopping: Thread Group 1-53
2025-07-08 19:49:37,460 INFO o.a.j.t.JMeterThread: Stopping: Thread Group 1-50
2025-07-08 19:49:37,460 INFO o.a.j.t.JMeterThread: Stopping: Thread Group 1-67
2025-07-08 19:49:37,460 INFO o.a.j.t.JMeterThread: Stopping: Thread Group 1-49
2025-07-08 19:49:37,460 INFO o.a.j.t.JMeterThread: Stopping: Thread Group 1-86
2025-07-08 19:49:37,460 INFO o.a.j.t.JMeterThread: Stopping: Thread Group 1-58
2025-07-08 19:49:37,460 INFO o.a.j.t.JMeterThread: Stopping: Thread Group 1-4
2025-07-08 19:49:37,460 INFO o.a.j.t.JMeterThread: Stopping: Thread Group 1-71
2025-07-08 19:49:37,460 INFO o.a.j.t.JMeterThread: Stopping: Thread Group 1-77
2025-07-08 19:49:37,460 INFO o.a.j.t.JMeterThread: Stopping: Thread Group 1-43
2025-07-08 19:49:37,460 INFO o.a.j.t.JMeterThread: Stopping: Thread Group 1-3
2025-07-08 19:49:37,460 INFO o.a.j.t.JMeterThread: Stopping: Thread Group 1-24
2025-07-08 19:49:37,460 INFO o.a.j.t.JMeterThread: Stopping: Thread Group 1-90
2025-07-08 19:49:37,460 INFO o.a.j.t.JMeterThread: Stopping: Thread Group 1-54
2025-07-08 19:49:37,460 INFO o.a.j.t.JMeterThread: Stopping: Thread Group 1-45
2025-07-08 19:49:37,460 INFO o.a.j.t.JMeterThread: Stopping: Thread Group 1-57
2025-07-08 19:49:37,460 INFO o.a.j.t.JMeterThread: Stopping: Thread Group 1-94
2025-07-08 19:49:37,460 INFO o.a.j.t.JMeterThread: Stopping: Thread Group 1-33
2025-07-08 19:49:37,460 INFO o.a.j.t.JMeterThread: Stopping: Thread Group 1-41
2025-07-08 19:49:37,460 INFO o.a.j.t.JMeterThread: Stopping: Thread Group 1-73
2025-07-08 19:49:37,460 INFO o.a.j.t.JMeterThread: Stopping: Thread Group 1-84
2025-07-08 19:49:37,460 INFO o.a.j.t.JMeterThread: Stopping: Thread Group 1-10
2025-07-08 19:49:37,460 INFO o.a.j.t.JMeterThread: Stopping: Thread Group 1-8
2025-07-08 19:49:37,460 INFO o.a.j.t.JMeterThread: Stopping: Thread Group 1-9
2025-07-08 19:49:37,460 INFO o.a.j.t.JMeterThread: Stopping: Thread Group 1-62
2025-07-08 19:49:37,461 INFO o.a.j.t.JMeterThread: Stopping: Thread Group 1-1
2025-07-08 19:49:37,461 INFO o.a.j.t.JMeterThread: Stopping: Thread Group 1-96
2025-07-08 19:49:37,461 INFO o.a.j.t.JMeterThread: Thread finished: Thread Group 1-77
2025-07-08 19:49:37,461 INFO o.a.j.t.JMeterThread: Stopping: Thread Group 1-11
2025-07-08 19:49:37,461 INFO o.a.j.t.JMeterThread: Thread finished: Thread Group 1-39
2025-07-08 19:49:37,461 INFO o.a.j.t.JMeterThread: Thread finished: Thread Group 1-54
2025-07-08 19:49:37,461 INFO o.a.j.t.JMeterThread: Thread finished: Thread Group 1-45
2025-07-08 19:49:37,461 INFO o.a.j.t.JMeterThread: Stopping: Thread Group 1-37
2025-07-08 19:49:37,461 INFO o.a.j.t.JMeterThread: Stopping: Thread Group 1-15
2025-07-08 19:49:37,461 INFO o.a.j.t.JMeterThread: Stopping: Thread Group 1-16
2025-07-08 19:49:37,461 INFO o.a.j.t.JMeterThread: Stopping: Thread Group 1-38
2025-07-08 19:49:37,461 INFO o.a.j.t.JMeterThread: Stopping: Thread Group 1-52
2025-07-08 19:49:37,461 INFO o.a.j.t.JMeterThread: Stopping: Thread Group 1-42
2025-07-08 19:49:37,461 INFO o.a.j.t.JMeterThread: Stopping: Thread Group 1-14
2025-07-08 19:49:37,461 INFO o.a.j.t.JMeterThread: Stopping: Thread Group 1-2
2025-07-08 19:49:37,461 INFO o.a.j.t.JMeterThread: Stopping: Thread Group 1-61
2025-07-08 19:49:37,461 INFO o.a.j.t.JMeterThread: Stopping: Thread Group 1-97
2025-07-08 19:49:37,461 INFO o.a.j.t.JMeterThread: Stopping: Thread Group 1-30
2025-07-08 19:49:37,461 INFO o.a.j.t.JMeterThread: Stopping: Thread Group 1-88
2025-07-08 19:49:37,461 INFO o.a.j.t.JMeterThread: Stopping: Thread Group 1-6
2025-07-08 19:49:37,461 INFO o.a.j.t.JMeterThread: Stopping: Thread Group 1-79
2025-07-08 19:49:37,461 INFO o.a.j.t.JMeterThread: Stopping: Thread Group 1-20
2025-07-08 19:49:37,461 INFO o.a.j.t.JMeterThread: Stopping: Thread Group 1-65
2025-07-08 19:49:37,461 INFO o.a.j.t.JMeterThread: Stopping: Thread Group 1-83
2025-07-08 19:49:37,461 INFO o.a.j.t.JMeterThread: Stopping: Thread Group 1-25
2025-07-08 19:49:37,461 INFO o.a.j.t.JMeterThread: Stopping: Thread Group 1-7
2025-07-08 19:49:37,461 INFO o.a.j.t.JMeterThread: Stopping: Thread Group 1-78
2025-07-08 19:49:37,461 INFO o.a.j.t.JMeterThread: Stopping: Thread Group 1-85
2025-07-08 19:49:37,461 INFO o.a.j.t.JMeterThread: Stopping: Thread Group 1-70
2025-07-08 19:49:37,461 INFO o.a.j.t.JMeterThread: Stopping: Thread Group 1-46
2025-07-08 19:49:37,461 INFO o.a.j.t.JMeterThread: Thread finished: Thread Group 1-71
2025-07-08 19:49:37,461 INFO o.a.j.t.JMeterThread: Thread finished: Thread Group 1-43
2025-07-08 19:49:37,461 INFO o.a.j.t.JMeterThread: Thread finished: Thread Group 1-10
2025-07-08 19:49:37,461 INFO o.a.j.t.JMeterThread: Thread finished: Thread Group 1-58
2025-07-08 19:49:37,461 INFO o.a.j.t.JMeterThread: Thread finished: Thread Group 1-99
2025-07-08 19:49:37,461 INFO o.a.j.t.JMeterThread: Stopping: Thread Group 1-92
2025-07-08 19:49:37,461 INFO o.a.j.t.JMeterThread: Stopping: Thread Group 1-48
2025-07-08 19:49:37,461 INFO o.a.j.t.JMeterThread: Stopping: Thread Group 1-35
2025-07-08 19:49:37,461 INFO o.a.j.t.JMeterThread: Stopping: Thread Group 1-72
2025-07-08 19:49:37,461 INFO o.a.j.t.JMeterThread: Stopping: Thread Group 1-69
2025-07-08 19:49:37,461 INFO o.a.j.t.JMeterThread: Stopping: Thread Group 1-12
2025-07-08 19:49:37,461 INFO o.a.j.t.JMeterThread: Stopping: Thread Group 1-5
2025-07-08 19:49:37,461 INFO o.a.j.t.JMeterThread: Stopping: Thread Group 1-66
2025-07-08 19:49:37,461 INFO o.a.j.t.JMeterThread: Stopping: Thread Group 1-28
2025-07-08 19:49:37,461 INFO o.a.j.t.JMeterThread: Stopping: Thread Group 1-68
2025-07-08 19:49:37,461 INFO o.a.j.t.JMeterThread: Stopping: Thread Group 1-63
2025-07-08 19:49:37,461 INFO o.a.j.t.JMeterThread: Stopping: Thread Group 1-59
2025-07-08 19:49:37,461 INFO o.a.j.t.JMeterThread: Stopping: Thread Group 1-34
2025-07-08 19:49:37,461 INFO o.a.j.t.JMeterThread: Stopping: Thread Group 1-60
2025-07-08 19:49:37,461 INFO o.a.j.t.JMeterThread: Stopping: Thread Group 1-31
2025-07-08 19:49:37,462 INFO o.a.j.t.JMeterThread: Stopping: Thread Group 1-19
2025-07-08 19:49:37,462 INFO o.a.j.t.JMeterThread: Stopping: Thread Group 1-23
2025-07-08 19:49:37,462 INFO o.a.j.t.JMeterThread: Stopping: Thread Group 1-98
2025-07-08 19:49:37,462 INFO o.a.j.t.JMeterThread: Stopping: Thread Group 1-32
2025-07-08 19:49:37,462 INFO o.a.j.t.JMeterThread: Stopping: Thread Group 1-76
2025-07-08 19:49:37,462 INFO o.a.j.t.JMeterThread: Stopping: Thread Group 1-13
2025-07-08 19:49:37,462 INFO o.a.j.t.JMeterThread: Stopping: Thread Group 1-74
2025-07-08 19:49:37,462 INFO o.a.j.t.JMeterThread: Stopping: Thread Group 1-18
2025-07-08 19:49:37,462 INFO o.a.j.t.JMeterThread: Stopping: Thread Group 1-91
2025-07-08 19:49:37,462 INFO o.a.j.t.JMeterThread: Stopping: Thread Group 1-56
2025-07-08 19:49:37,462 INFO o.a.j.t.JMeterThread: Stopping: Thread Group 1-64
2025-07-08 19:49:37,462 INFO o.a.j.t.JMeterThread: Stopping: Thread Group 1-27
2025-07-08 19:49:37,462 INFO o.a.j.t.JMeterThread: Stopping: Thread Group 1-17
2025-07-08 19:49:37,462 INFO o.a.j.t.JMeterThread: Stopping: Thread Group 1-100
2025-07-08 19:49:37,462 INFO o.a.j.t.JMeterThread: Stopping: Thread Group 1-81
2025-07-08 19:49:37,462 INFO o.a.j.t.JMeterThread: Stopping: Thread Group 1-55
2025-07-08 19:49:37,462 INFO o.a.j.t.JMeterThread: Thread finished: Thread Group 1-50
2025-07-08 19:49:37,462 INFO o.a.j.t.JMeterThread: Stopping: Thread Group 1-82
2025-07-08 19:49:37,462 INFO o.a.j.t.JMeterThread: Thread finished: Thread Group 1-7
2025-07-08 19:49:37,462 INFO o.a.j.t.JMeterThread: Thread finished: Thread Group 1-72
2025-07-08 19:49:37,462 INFO o.a.j.t.JMeterThread: Thread finished: Thread Group 1-83
2025-07-08 19:49:37,462 INFO o.a.j.t.JMeterThread: Stopping: Thread Group 1-44
2025-07-08 19:49:37,462 INFO o.a.j.t.JMeterThread: Stopping: Thread Group 1-40
2025-07-08 19:49:37,462 INFO o.a.j.t.JMeterThread: Thread finished: Thread Group 1-35
2025-07-08 19:49:37,462 INFO o.a.j.t.JMeterThread: Thread finished: Thread Group 1-41
2025-07-08 19:49:37,462 INFO o.a.j.t.JMeterThread: Thread finished: Thread Group 1-47
2025-07-08 19:49:37,462 INFO o.a.j.t.JMeterThread: Thread finished: Thread Group 1-15
2025-07-08 19:49:37,462 INFO o.a.j.t.JMeterThread: Thread finished: Thread Group 1-78
2025-07-08 19:49:37,462 INFO o.a.j.t.JMeterThread: Thread finished: Thread Group 1-6
2025-07-08 19:49:37,462 INFO o.a.j.t.JMeterThread: Thread finished: Thread Group 1-57
2025-07-08 19:49:37,462 INFO o.a.j.t.JMeterThread: Thread finished: Thread Group 1-30
2025-07-08 19:49:37,462 INFO o.a.j.t.JMeterThread: Thread finished: Thread Group 1-80
2025-07-08 19:49:37,462 INFO o.a.j.t.JMeterThread: Thread finished: Thread Group 1-36
2025-07-08 19:49:37,462 INFO o.a.j.t.JMeterThread: Thread finished: Thread Group 1-79
2025-07-08 19:49:37,462 INFO o.a.j.t.JMeterThread: Thread finished: Thread Group 1-8
2025-07-08 19:49:37,462 INFO o.a.j.t.JMeterThread: Thread finished: Thread Group 1-90
2025-07-08 19:49:37,462 INFO o.a.j.t.JMeterThread: Thread finished: Thread Group 1-98
2025-07-08 19:49:37,462 INFO o.a.j.t.JMeterThread: Thread finished: Thread Group 1-95
2025-07-08 19:49:37,462 INFO o.a.j.t.JMeterThread: Stopping: Thread Group 1-36
2025-07-08 19:49:37,462 INFO o.a.j.t.JMeterThread: Thread finished: Thread Group 1-18
2025-07-08 19:49:37,462 INFO o.a.j.t.JMeterThread: Stopping: Thread Group 1-51
2025-07-08 19:49:37,462 INFO o.a.j.t.JMeterThread: Stopping: Thread Group 1-21
2025-07-08 19:49:37,463 INFO o.a.j.t.JMeterThread: Thread finished: Thread Group 1-87
2025-07-08 19:49:37,463 INFO o.a.j.t.JMeterThread: Thread finished: Thread Group 1-96
2025-07-08 19:49:37,463 INFO o.a.j.t.JMeterThread: Thread finished: Thread Group 1-85
2025-07-08 19:49:37,463 INFO o.a.j.t.JMeterThread: Thread finished: Thread Group 1-51
2025-07-08 19:49:37,463 INFO o.a.j.t.JMeterThread: Thread finished: Thread Group 1-5
2025-07-08 19:49:37,463 INFO o.a.j.t.JMeterThread: Thread finished: Thread Group 1-20
2025-07-08 19:49:37,463 INFO o.a.j.t.JMeterThread: Thread finished: Thread Group 1-60
2025-07-08 19:49:37,463 INFO o.a.j.t.JMeterThread: Thread finished: Thread Group 1-48
2025-07-08 19:49:37,463 INFO o.a.j.t.JMeterThread: Thread finished: Thread Group 1-34
2025-07-08 19:49:37,463 INFO o.a.j.t.JMeterThread: Thread finished: Thread Group 1-61
2025-07-08 19:49:37,463 INFO o.a.j.t.JMeterThread: Thread finished: Thread Group 1-16
2025-07-08 19:49:37,464 INFO o.a.j.t.JMeterThread: Thread finished: Thread Group 1-86
2025-07-08 19:49:37,464 INFO o.a.j.t.JMeterThread: Thread finished: Thread Group 1-11
2025-07-08 19:49:37,463 INFO o.a.j.t.JMeterThread: Thread finished: Thread Group 1-21
2025-07-08 19:49:37,463 INFO o.a.j.t.JMeterThread: Thread finished: Thread Group 1-52
2025-07-08 19:49:37,463 INFO o.a.j.t.JMeterThread: Thread finished: Thread Group 1-74
2025-07-08 19:49:37,463 INFO o.a.j.t.JMeterThread: Thread finished: Thread Group 1-94
2025-07-08 19:49:37,463 INFO o.a.j.t.JMeterThread: Thread finished: Thread Group 1-76
2025-07-08 19:49:37,464 INFO o.a.j.t.JMeterThread: Thread finished: Thread Group 1-38
2025-07-08 19:49:37,464 INFO o.a.j.t.JMeterThread: Thread finished: Thread Group 1-75
2025-07-08 19:49:37,464 INFO o.a.j.t.JMeterThread: Thread finished: Thread Group 1-4
2025-07-08 19:49:37,464 INFO o.a.j.t.JMeterThread: Thread finished: Thread Group 1-46
2025-07-08 19:49:37,464 INFO o.a.j.t.JMeterThread: Thread finished: Thread Group 1-3
2025-07-08 19:49:37,464 INFO o.a.j.t.JMeterThread: Thread finished: Thread Group 1-17
2025-07-08 19:49:37,464 INFO o.a.j.t.JMeterThread: Thread finished: Thread Group 1-66
2025-07-08 19:49:37,464 INFO o.a.j.t.JMeterThread: Thread finished: Thread Group 1-13
2025-07-08 19:49:37,464 INFO o.a.j.t.JMeterThread: Thread finished: Thread Group 1-63
2025-07-08 19:49:37,466 INFO o.a.j.t.JMeterThread: Thread finished: Thread Group 1-84
2025-07-08 19:49:37,466 INFO o.a.j.t.JMeterThread: Thread finished: Thread Group 1-25
2025-07-08 19:49:37,466 INFO o.a.j.t.JMeterThread: Thread finished: Thread Group 1-92
2025-07-08 19:49:37,467 INFO o.a.j.t.JMeterThread: Thread finished: Thread Group 1-67
2025-07-08 19:49:37,467 INFO o.a.j.t.JMeterThread: Thread finished: Thread Group 1-19
2025-07-08 19:49:37,467 INFO o.a.j.t.JMeterThread: Thread finished: Thread Group 1-29
2025-07-08 19:49:37,467 INFO o.a.j.t.JMeterThread: Thread finished: Thread Group 1-49
2025-07-08 19:49:37,467 INFO o.a.j.t.JMeterThread: Thread finished: Thread Group 1-65
2025-07-08 19:49:37,467 INFO o.a.j.t.JMeterThread: Thread finished: Thread Group 1-53
2025-07-08 19:49:37,467 INFO o.a.j.t.JMeterThread: Thread finished: Thread Group 1-22
2025-07-08 19:49:37,468 INFO o.a.j.t.JMeterThread: Thread finished: Thread Group 1-14
2025-07-08 19:49:37,468 INFO o.a.j.t.JMeterThread: Thread finished: Thread Group 1-73
2025-07-08 19:49:37,468 INFO o.a.j.t.JMeterThread: Thread finished: Thread Group 1-62
2025-07-08 19:49:37,468 INFO o.a.j.t.JMeterThread: Thread finished: Thread Group 1-89
2025-07-08 19:49:37,468 INFO o.a.j.t.JMeterThread: Thread finished: Thread Group 1-69
2025-07-08 19:49:37,468 INFO o.a.j.t.JMeterThread: Thread finished: Thread Group 1-2
2025-07-08 19:49:37,468 INFO o.a.j.t.JMeterThread: Thread finished: Thread Group 1-93
2025-07-08 19:49:37,468 INFO o.a.j.t.JMeterThread: Thread finished: Thread Group 1-32
2025-07-08 19:49:37,468 INFO o.a.j.t.JMeterThread: Thread finished: Thread Group 1-70
2025-07-08 19:49:37,468 INFO o.a.j.t.JMeterThread: Thread finished: Thread Group 1-37
2025-07-08 19:49:37,468 INFO o.a.j.t.JMeterThread: Thread finished: Thread Group 1-59
2025-07-08 19:49:37,469 INFO o.a.j.t.JMeterThread: Thread finished: Thread Group 1-26
2025-07-08 19:49:37,469 INFO o.a.j.t.JMeterThread: Thread finished: Thread Group 1-1
2025-07-08 19:49:37,469 INFO o.a.j.t.JMeterThread: Thread finished: Thread Group 1-9
2025-07-08 19:49:37,469 INFO o.a.j.t.JMeterThread: Thread finished: Thread Group 1-68
2025-07-08 19:49:37,470 INFO o.a.j.t.JMeterThread: Thread finished: Thread Group 1-91
2025-07-08 19:49:37,470 INFO o.a.j.t.JMeterThread: Thread finished: Thread Group 1-31
2025-07-08 19:49:37,470 INFO o.a.j.t.JMeterThread: Thread finished: Thread Group 1-28
2025-07-08 19:49:37,470 INFO o.a.j.t.JMeterThread: Thread finished: Thread Group 1-56
2025-07-08 19:49:37,470 INFO o.a.j.t.JMeterThread: Thread finished: Thread Group 1-12
2025-07-08 19:49:37,470 INFO o.a.j.t.JMeterThread: Thread finished: Thread Group 1-33
2025-07-08 19:49:37,470 INFO o.a.j.t.JMeterThread: Thread finished: Thread Group 1-82
2025-07-08 19:49:37,470 INFO o.a.j.t.JMeterThread: Thread finished: Thread Group 1-24
2025-07-08 19:49:37,470 INFO o.a.j.t.JMeterThread: Thread finished: Thread Group 1-100
2025-07-08 19:49:37,470 INFO o.a.j.t.JMeterThread: Thread finished: Thread Group 1-40
2025-07-08 19:49:37,470 INFO o.a.j.t.JMeterThread: Thread finished: Thread Group 1-55
2025-07-08 19:49:37,470 INFO o.a.j.t.JMeterThread: Thread finished: Thread Group 1-88
2025-07-08 19:49:37,471 INFO o.a.j.t.JMeterThread: Thread finished: Thread Group 1-64
2025-07-08 19:49:37,473 INFO o.a.j.t.JMeterThread: Thread finished: Thread Group 1-27
2025-07-08 19:49:37,473 INFO o.a.j.t.JMeterThread: Thread finished: Thread Group 1-81
2025-07-08 19:49:37,475 INFO o.a.j.t.JMeterThread: Thread finished: Thread Group 1-44
2025-07-08 19:49:37,475 INFO o.a.j.t.JMeterThread: Thread finished: Thread Group 1-97
2025-07-08 19:49:37,475 INFO o.a.j.t.JMeterThread: Thread finished: Thread Group 1-23
2025-07-08 19:49:37,475 INFO o.a.j.t.JMeterThread: Thread finished: Thread Group 1-42
2025-07-08 19:49:37,476 INFO o.a.j.e.StandardJMeterEngine: Notifying test listeners of end of test
2025-07-08 19:49:37,476 INFO o.a.j.g.u.JMeterMenuBar: setRunning(false, *local*)
2025-07-08 19:57:32,598 INFO o.a.j.e.StandardJMeterEngine: Running the test!
2025-07-08 19:57:32,598 INFO o.a.j.s.SampleEvent: List of sample_variables: []
2025-07-08 19:57:32,599 INFO o.a.j.g.u.JMeterMenuBar: setRunning(true, *local*)
2025-07-08 19:57:32,631 INFO o.a.j.e.StandardJMeterEngine: Starting ThreadGroup: 1 : Thread Group
2025-07-08 19:57:32,631 INFO o.a.j.e.StandardJMeterEngine: Starting 100 threads for group Thread Group.
2025-07-08 19:57:32,631 INFO o.a.j.e.StandardJMeterEngine: Thread will continue on error
2025-07-08 19:57:32,631 INFO o.a.j.t.ThreadGroup: Starting thread group... number=1 threads=100 ramp-up=5 delayedStart=false
2025-07-08 19:57:32,632 INFO o.a.j.t.JMeterThread: Thread started: Thread Group 1-1
2025-07-08 19:57:32,644 INFO o.a.j.t.ThreadGroup: Started thread group number 1
2025-07-08 19:57:32,644 INFO o.a.j.e.StandardJMeterEngine: All thread groups have been started
2025-07-08 19:57:32,685 INFO o.a.j.t.JMeterThread: Thread started: Thread Group 1-2
2025-07-08 19:57:32,735 INFO o.a.j.t.JMeterThread: Thread started: Thread Group 1-3
2025-07-08 19:57:32,782 INFO o.a.j.t.JMeterThread: Thread started: Thread Group 1-4
2025-07-08 19:57:32,836 INFO o.a.j.t.JMeterThread: Thread started: Thread Group 1-5
2025-07-08 19:57:32,883 INFO o.a.j.t.JMeterThread: Thread started: Thread Group 1-6
2025-07-08 19:57:32,934 INFO o.a.j.t.JMeterThread: Thread started: Thread Group 1-7
2025-07-08 19:57:32,986 INFO o.a.j.t.JMeterThread: Thread started: Thread Group 1-8
2025-07-08 19:57:33,032 INFO o.a.j.t.JMeterThread: Thread started: Thread Group 1-9
2025-07-08 19:57:33,085 INFO o.a.j.t.JMeterThread: Thread started: Thread Group 1-10
2025-07-08 19:57:33,132 INFO o.a.j.t.JMeterThread: Thread started: Thread Group 1-11
2025-07-08 19:57:33,186 INFO o.a.j.t.JMeterThread: Thread started: Thread Group 1-12
2025-07-08 19:57:33,236 INFO o.a.j.t.JMeterThread: Thread started: Thread Group 1-13
2025-07-08 19:57:33,282 INFO o.a.j.t.JMeterThread: Thread started: Thread Group 1-14
2025-07-08 19:57:33,336 INFO o.a.j.t.JMeterThread: Thread started: Thread Group 1-15
2025-07-08 19:57:33,387 INFO o.a.j.t.JMeterThread: Thread started: Thread Group 1-16
2025-07-08 19:57:33,435 INFO o.a.j.t.JMeterThread: Thread started: Thread Group 1-17
2025-07-08 19:57:33,486 INFO o.a.j.t.JMeterThread: Thread started: Thread Group 1-18
2025-07-08 19:57:33,536 INFO o.a.j.t.JMeterThread: Thread started: Thread Group 1-19
2025-07-08 19:57:33,584 INFO o.a.j.t.JMeterThread: Thread started: Thread Group 1-20
2025-07-08 19:57:33,632 INFO o.a.j.t.JMeterThread: Thread started: Thread Group 1-21
2025-07-08 19:57:33,686 INFO o.a.j.t.JMeterThread: Thread started: Thread Group 1-22
2025-07-08 19:57:33,735 INFO o.a.j.t.JMeterThread: Thread started: Thread Group 1-23
2025-07-08 19:57:33,785 INFO o.a.j.t.JMeterThread: Thread started: Thread Group 1-24
2025-07-08 19:57:33,834 INFO o.a.j.t.JMeterThread: Thread started: Thread Group 1-25
2025-07-08 19:57:33,882 INFO o.a.j.t.JMeterThread: Thread started: Thread Group 1-26
2025-07-08 19:57:33,932 INFO o.a.j.t.JMeterThread: Thread started: Thread Group 1-27
2025-07-08 19:57:33,981 INFO o.a.j.t.JMeterThread: Thread started: Thread Group 1-28
2025-07-08 19:57:34,036 INFO o.a.j.t.JMeterThread: Thread started: Thread Group 1-29
2025-07-08 19:57:34,082 INFO o.a.j.t.JMeterThread: Thread started: Thread Group 1-30
2025-07-08 19:57:34,136 INFO o.a.j.t.JMeterThread: Thread started: Thread Group 1-31
2025-07-08 19:57:34,182 INFO o.a.j.t.JMeterThread: Thread started: Thread Group 1-32
2025-07-08 19:57:34,232 INFO o.a.j.t.JMeterThread: Thread started: Thread Group 1-33
2025-07-08 19:57:34,285 INFO o.a.j.t.JMeterThread: Thread started: Thread Group 1-34
2025-07-08 19:57:34,332 INFO o.a.j.t.JMeterThread: Thread started: Thread Group 1-35
2025-07-08 19:57:34,385 INFO o.a.j.t.JMeterThread: Thread started: Thread Group 1-36
2025-07-08 19:57:34,434 INFO o.a.j.t.JMeterThread: Thread started: Thread Group 1-37
2025-07-08 19:57:34,486 INFO o.a.j.t.JMeterThread: Thread started: Thread Group 1-38
2025-07-08 19:57:34,536 INFO o.a.j.t.JMeterThread: Thread started: Thread Group 1-39
2025-07-08 19:57:34,583 INFO o.a.j.t.JMeterThread: Thread started: Thread Group 1-40
2025-07-08 19:57:34,636 INFO o.a.j.t.JMeterThread: Thread started: Thread Group 1-41
2025-07-08 19:57:34,683 INFO o.a.j.t.JMeterThread: Thread started: Thread Group 1-42
2025-07-08 19:57:34,735 INFO o.a.j.t.JMeterThread: Thread started: Thread Group 1-43
2025-07-08 19:57:34,787 INFO o.a.j.t.JMeterThread: Thread started: Thread Group 1-44
2025-07-08 19:57:34,836 INFO o.a.j.t.JMeterThread: Thread started: Thread Group 1-45
2025-07-08 19:57:34,886 INFO o.a.j.t.JMeterThread: Thread started: Thread Group 1-46
2025-07-08 19:57:34,933 INFO o.a.j.t.JMeterThread: Thread started: Thread Group 1-47
2025-07-08 19:57:34,984 INFO o.a.j.t.JMeterThread: Thread started: Thread Group 1-48
2025-07-08 19:57:35,036 INFO o.a.j.t.JMeterThread: Thread started: Thread Group 1-49
2025-07-08 19:57:35,085 INFO o.a.j.t.JMeterThread: Thread started: Thread Group 1-50
2025-07-08 19:57:35,136 INFO o.a.j.t.JMeterThread: Thread started: Thread Group 1-51
2025-07-08 19:57:35,185 INFO o.a.j.t.JMeterThread: Thread started: Thread Group 1-52
2025-07-08 19:57:35,237 INFO o.a.j.t.JMeterThread: Thread started: Thread Group 1-53
2025-07-08 19:57:35,282 INFO o.a.j.t.JMeterThread: Thread started: Thread Group 1-54
2025-07-08 19:57:35,335 INFO o.a.j.t.JMeterThread: Thread started: Thread Group 1-55
2025-07-08 19:57:35,383 INFO o.a.j.t.JMeterThread: Thread started: Thread Group 1-56
2025-07-08 19:57:35,436 INFO o.a.j.t.JMeterThread: Thread started: Thread Group 1-57
2025-07-08 19:57:35,482 INFO o.a.j.t.JMeterThread: Thread started: Thread Group 1-58
2025-07-08 19:57:35,536 INFO o.a.j.t.JMeterThread: Thread started: Thread Group 1-59
2025-07-08 19:57:35,584 INFO o.a.j.t.JMeterThread: Thread started: Thread Group 1-60
2025-07-08 19:57:35,631 INFO o.a.j.t.JMeterThread: Thread started: Thread Group 1-61
2025-07-08 19:57:35,684 INFO o.a.j.t.JMeterThread: Thread started: Thread Group 1-62
2025-07-08 19:57:35,731 INFO o.a.j.t.JMeterThread: Thread started: Thread Group 1-63
2025-07-08 19:57:35,783 INFO o.a.j.t.JMeterThread: Thread started: Thread Group 1-64
2025-07-08 19:57:35,833 INFO o.a.j.t.JMeterThread: Thread started: Thread Group 1-65
2025-07-08 19:57:35,885 INFO o.a.j.t.JMeterThread: Thread started: Thread Group 1-66
2025-07-08 19:57:35,935 INFO o.a.j.t.JMeterThread: Thread started: Thread Group 1-67
2025-07-08 19:57:35,983 INFO o.a.j.t.JMeterThread: Thread started: Thread Group 1-68
2025-07-08 19:57:36,032 INFO o.a.j.t.JMeterThread: Thread started: Thread Group 1-69
2025-07-08 19:57:36,084 INFO o.a.j.t.JMeterThread: Thread started: Thread Group 1-70
2025-07-08 19:57:36,136 INFO o.a.j.t.JMeterThread: Thread started: Thread Group 1-71
2025-07-08 19:57:36,182 INFO o.a.j.t.JMeterThread: Thread started: Thread Group 1-72
2025-07-08 19:57:36,232 INFO o.a.j.t.JMeterThread: Thread started: Thread Group 1-73
2025-07-08 19:57:36,285 INFO o.a.j.t.JMeterThread: Thread started: Thread Group 1-74
2025-07-08 19:57:36,335 INFO o.a.j.t.JMeterThread: Thread started: Thread Group 1-75
2025-07-08 19:57:36,382 INFO o.a.j.t.JMeterThread: Thread started: Thread Group 1-76
2025-07-08 19:57:36,432 INFO o.a.j.t.JMeterThread: Thread started: Thread Group 1-77
2025-07-08 19:57:36,482 INFO o.a.j.t.JMeterThread: Thread started: Thread Group 1-78
2025-07-08 19:57:36,536 INFO o.a.j.t.JMeterThread: Thread started: Thread Group 1-79
2025-07-08 19:57:36,585 INFO o.a.j.t.JMeterThread: Thread started: Thread Group 1-80
2025-07-08 19:57:36,634 INFO o.a.j.t.JMeterThread: Thread started: Thread Group 1-81
2025-07-08 19:57:36,686 INFO o.a.j.t.JMeterThread: Thread started: Thread Group 1-82
2025-07-08 19:57:36,732 INFO o.a.j.t.JMeterThread: Thread started: Thread Group 1-83
2025-07-08 19:57:36,786 INFO o.a.j.t.JMeterThread: Thread started: Thread Group 1-84
2025-07-08 19:57:36,837 INFO o.a.j.t.JMeterThread: Thread started: Thread Group 1-85
2025-07-08 19:57:36,886 INFO o.a.j.t.JMeterThread: Thread started: Thread Group 1-86
2025-07-08 19:57:36,937 INFO o.a.j.t.JMeterThread: Thread started: Thread Group 1-87
2025-07-08 19:57:36,987 INFO o.a.j.t.JMeterThread: Thread started: Thread Group 1-88
2025-07-08 19:57:37,036 INFO o.a.j.t.JMeterThread: Thread started: Thread Group 1-89
2025-07-08 19:57:37,086 INFO o.a.j.t.JMeterThread: Thread started: Thread Group 1-90
2025-07-08 19:57:37,136 INFO o.a.j.t.JMeterThread: Thread started: Thread Group 1-91
2025-07-08 19:57:37,187 INFO o.a.j.t.JMeterThread: Thread started: Thread Group 1-92
2025-07-08 19:57:37,237 INFO o.a.j.t.JMeterThread: Thread started: Thread Group 1-93
2025-07-08 19:57:37,285 INFO o.a.j.t.JMeterThread: Thread started: Thread Group 1-94
2025-07-08 19:57:37,337 INFO o.a.j.t.JMeterThread: Thread started: Thread Group 1-95
2025-07-08 19:57:37,387 INFO o.a.j.t.JMeterThread: Thread started: Thread Group 1-96
2025-07-08 19:57:37,435 INFO o.a.j.t.JMeterThread: Thread started: Thread Group 1-97
2025-07-08 19:57:37,487 INFO o.a.j.t.JMeterThread: Thread started: Thread Group 1-98
2025-07-08 19:57:37,535 INFO o.a.j.t.JMeterThread: Thread started: Thread Group 1-99
2025-07-08 19:57:37,582 INFO o.a.j.t.JMeterThread: Thread started: Thread Group 1-100
2025-07-08 19:58:02,632 INFO o.a.j.t.JMeterThread: Stopping because end time detected by thread: Thread Group 1-5
2025-07-08 19:58:02,632 INFO o.a.j.t.JMeterThread: Stopping because end time detected by thread: Thread Group 1-11
2025-07-08 19:58:02,633 INFO o.a.j.t.JMeterThread: Stopping because end time detected by thread: Thread Group 1-9
2025-07-08 19:58:02,633 INFO o.a.j.t.JMeterThread: Stopping because end time detected by thread: Thread Group 1-8
2025-07-08 19:58:02,633 INFO o.a.j.t.JMeterThread: Thread finished: Thread Group 1-8
2025-07-08 19:58:02,633 INFO o.a.j.t.JMeterThread: Stopping because end time detected by thread: Thread Group 1-13
2025-07-08 19:58:02,633 INFO o.a.j.t.JMeterThread: Stopping because end time detected by thread: Thread Group 1-17
2025-07-08 19:58:02,633 INFO o.a.j.t.JMeterThread: Thread finished: Thread Group 1-13
2025-07-08 19:58:02,633 INFO o.a.j.t.JMeterThread: Stopping because end time detected by thread: Thread Group 1-3
2025-07-08 19:58:02,633 INFO o.a.j.t.JMeterThread: Thread finished: Thread Group 1-3
2025-07-08 19:58:02,632 INFO o.a.j.t.JMeterThread: Stopping because end time detected by thread: Thread Group 1-2
2025-07-08 19:58:02,633 INFO o.a.j.t.JMeterThread: Thread finished: Thread Group 1-11
2025-07-08 19:58:02,633 INFO o.a.j.t.JMeterThread: Thread finished: Thread Group 1-17
2025-07-08 19:58:02,633 INFO o.a.j.t.JMeterThread: Stopping because end time detected by thread: Thread Group 1-1
2025-07-08 19:58:02,633 INFO o.a.j.t.JMeterThread: Stopping because end time detected by thread: Thread Group 1-15
2025-07-08 19:58:02,633 INFO o.a.j.t.JMeterThread: Thread finished: Thread Group 1-9
2025-07-08 19:58:02,634 INFO o.a.j.t.JMeterThread: Thread finished: Thread Group 1-1
2025-07-08 19:58:02,633 INFO o.a.j.t.JMeterThread: Thread finished: Thread Group 1-5
2025-07-08 19:58:02,634 INFO o.a.j.t.JMeterThread: Thread finished: Thread Group 1-15
2025-07-08 19:58:02,633 INFO o.a.j.t.JMeterThread: Stopping because end time detected by thread: Thread Group 1-14
2025-07-08 19:58:02,633 INFO o.a.j.t.JMeterThread: Thread finished: Thread Group 1-2
2025-07-08 19:58:02,634 INFO o.a.j.t.JMeterThread: Thread finished: Thread Group 1-14
2025-07-08 19:58:02,634 INFO o.a.j.t.JMeterThread: Stopping because end time detected by thread: Thread Group 1-10
2025-07-08 19:58:02,634 INFO o.a.j.t.JMeterThread: Stopping because end time detected by thread: Thread Group 1-22
2025-07-08 19:58:02,634 INFO o.a.j.t.JMeterThread: Thread finished: Thread Group 1-10
2025-07-08 19:58:02,635 INFO o.a.j.t.JMeterThread: Stopping because end time detected by thread: Thread Group 1-4
2025-07-08 19:58:02,635 INFO o.a.j.t.JMeterThread: Stopping because end time detected by thread: Thread Group 1-34
2025-07-08 19:58:02,635 INFO o.a.j.t.JMeterThread: Stopping because end time detected by thread: Thread Group 1-7
2025-07-08 19:58:02,634 INFO o.a.j.t.JMeterThread: Stopping because end time detected by thread: Thread Group 1-20
2025-07-08 19:58:02,635 INFO o.a.j.t.JMeterThread: Thread finished: Thread Group 1-7
2025-07-08 19:58:02,635 INFO o.a.j.t.JMeterThread: Stopping because end time detected by thread: Thread Group 1-25
2025-07-08 19:58:02,635 INFO o.a.j.t.JMeterThread: Thread finished: Thread Group 1-34
2025-07-08 19:58:02,635 INFO o.a.j.t.JMeterThread: Stopping because end time detected by thread: Thread Group 1-12
2025-07-08 19:58:02,635 INFO o.a.j.t.JMeterThread: Stopping because end time detected by thread: Thread Group 1-6
2025-07-08 19:58:02,635 INFO o.a.j.t.JMeterThread: Thread finished: Thread Group 1-4
2025-07-08 19:58:02,635 INFO o.a.j.t.JMeterThread: Thread finished: Thread Group 1-25
2025-07-08 19:58:02,635 INFO o.a.j.t.JMeterThread: Thread finished: Thread Group 1-22
2025-07-08 19:58:02,635 INFO o.a.j.t.JMeterThread: Stopping because end time detected by thread: Thread Group 1-26
2025-07-08 19:58:02,634 INFO o.a.j.t.JMeterThread: Stopping because end time detected by thread: Thread Group 1-23
2025-07-08 19:58:02,635 INFO o.a.j.t.JMeterThread: Thread finished: Thread Group 1-26
2025-07-08 19:58:02,635 INFO o.a.j.t.JMeterThread: Stopping because end time detected by thread: Thread Group 1-16
2025-07-08 19:58:02,635 INFO o.a.j.t.JMeterThread: Thread finished: Thread Group 1-23
2025-07-08 19:58:02,635 INFO o.a.j.t.JMeterThread: Thread finished: Thread Group 1-12
2025-07-08 19:58:02,635 INFO o.a.j.t.JMeterThread: Thread finished: Thread Group 1-16
2025-07-08 19:58:02,635 INFO o.a.j.t.JMeterThread: Thread finished: Thread Group 1-6
2025-07-08 19:58:02,635 INFO o.a.j.t.JMeterThread: Thread finished: Thread Group 1-20
2025-07-08 19:58:02,637 INFO o.a.j.t.JMeterThread: Stopping because end time detected by thread: Thread Group 1-31
2025-07-08 19:58:02,637 INFO o.a.j.t.JMeterThread: Thread finished: Thread Group 1-31
2025-07-08 19:58:02,637 INFO o.a.j.t.JMeterThread: Stopping because end time detected by thread: Thread Group 1-24
2025-07-08 19:58:02,637 INFO o.a.j.t.JMeterThread: Thread finished: Thread Group 1-24
2025-07-08 19:58:02,637 INFO o.a.j.t.JMeterThread: Stopping because end time detected by thread: Thread Group 1-53
2025-07-08 19:58:02,638 INFO o.a.j.t.JMeterThread: Thread finished: Thread Group 1-53
2025-07-08 19:58:02,638 INFO o.a.j.t.JMeterThread: Stopping because end time detected by thread: Thread Group 1-40
2025-07-08 19:58:02,638 INFO o.a.j.t.JMeterThread: Thread finished: Thread Group 1-40
2025-07-08 19:58:02,638 INFO o.a.j.t.JMeterThread: Stopping because end time detected by thread: Thread Group 1-58
2025-07-08 19:58:02,638 INFO o.a.j.t.JMeterThread: Stopping because end time detected by thread: Thread Group 1-52
2025-07-08 19:58:02,638 INFO o.a.j.t.JMeterThread: Thread finished: Thread Group 1-52
2025-07-08 19:58:02,638 INFO o.a.j.t.JMeterThread: Stopping because end time detected by thread: Thread Group 1-21
2025-07-08 19:58:02,638 INFO o.a.j.t.JMeterThread: Thread finished: Thread Group 1-21
2025-07-08 19:58:02,638 INFO o.a.j.t.JMeterThread: Stopping because end time detected by thread: Thread Group 1-46
2025-07-08 19:58:02,638 INFO o.a.j.t.JMeterThread: Stopping because end time detected by thread: Thread Group 1-51
2025-07-08 19:58:02,638 INFO o.a.j.t.JMeterThread: Stopping because end time detected by thread: Thread Group 1-38
2025-07-08 19:58:02,638 INFO o.a.j.t.JMeterThread: Thread finished: Thread Group 1-51
2025-07-08 19:58:02,638 INFO o.a.j.t.JMeterThread: Stopping because end time detected by thread: Thread Group 1-33
2025-07-08 19:58:02,638 INFO o.a.j.t.JMeterThread: Stopping because end time detected by thread: Thread Group 1-59
2025-07-08 19:58:02,638 INFO o.a.j.t.JMeterThread: Stopping because end time detected by thread: Thread Group 1-42
2025-07-08 19:58:02,638 INFO o.a.j.t.JMeterThread: Stopping because end time detected by thread: Thread Group 1-56
2025-07-08 19:58:02,638 INFO o.a.j.t.JMeterThread: Thread finished: Thread Group 1-46
2025-07-08 19:58:02,638 INFO o.a.j.t.JMeterThread: Stopping because end time detected by thread: Thread Group 1-54
2025-07-08 19:58:02,638 INFO o.a.j.t.JMeterThread: Stopping because end time detected by thread: Thread Group 1-19
2025-07-08 19:58:02,638 INFO o.a.j.t.JMeterThread: Thread finished: Thread Group 1-54
2025-07-08 19:58:02,638 INFO o.a.j.t.JMeterThread: Stopping because end time detected by thread: Thread Group 1-28
2025-07-08 19:58:02,638 INFO o.a.j.t.JMeterThread: Stopping because end time detected by thread: Thread Group 1-37
2025-07-08 19:58:02,638 INFO o.a.j.t.JMeterThread: Thread finished: Thread Group 1-37
2025-07-08 19:58:02,638 INFO o.a.j.t.JMeterThread: Thread finished: Thread Group 1-58
2025-07-08 19:58:02,638 INFO o.a.j.t.JMeterThread: Stopping because end time detected by thread: Thread Group 1-41
2025-07-08 19:58:02,638 INFO o.a.j.t.JMeterThread: Stopping because end time detected by thread: Thread Group 1-30
2025-07-08 19:58:02,639 INFO o.a.j.t.JMeterThread: Thread finished: Thread Group 1-41
2025-07-08 19:58:02,638 INFO o.a.j.t.JMeterThread: Thread finished: Thread Group 1-28
2025-07-08 19:58:02,639 INFO o.a.j.t.JMeterThread: Thread finished: Thread Group 1-30
2025-07-08 19:58:02,638 INFO o.a.j.t.JMeterThread: Stopping because end time detected by thread: Thread Group 1-36
2025-07-08 19:58:02,638 INFO o.a.j.t.JMeterThread: Thread finished: Thread Group 1-19
2025-07-08 19:58:02,639 INFO o.a.j.t.JMeterThread: Thread finished: Thread Group 1-36
2025-07-08 19:58:02,638 INFO o.a.j.t.JMeterThread: Thread finished: Thread Group 1-56
2025-07-08 19:58:02,638 INFO o.a.j.t.JMeterThread: Thread finished: Thread Group 1-42
2025-07-08 19:58:02,638 INFO o.a.j.t.JMeterThread: Thread finished: Thread Group 1-33
2025-07-08 19:58:02,638 INFO o.a.j.t.JMeterThread: Thread finished: Thread Group 1-38
2025-07-08 19:58:02,639 INFO o.a.j.t.JMeterThread: Thread finished: Thread Group 1-59
2025-07-08 19:58:02,640 INFO o.a.j.t.JMeterThread: Stopping because end time detected by thread: Thread Group 1-39
2025-07-08 19:58:02,640 INFO o.a.j.t.JMeterThread: Stopping because end time detected by thread: Thread Group 1-66
2025-07-08 19:58:02,640 INFO o.a.j.t.JMeterThread: Thread finished: Thread Group 1-39
2025-07-08 19:58:02,640 INFO o.a.j.t.JMeterThread: Stopping because end time detected by thread: Thread Group 1-68
2025-07-08 19:58:02,640 INFO o.a.j.t.JMeterThread: Stopping because end time detected by thread: Thread Group 1-44
2025-07-08 19:58:02,640 INFO o.a.j.t.JMeterThread: Stopping because end time detected by thread: Thread Group 1-70
2025-07-08 19:58:02,640 INFO o.a.j.t.JMeterThread: Stopping because end time detected by thread: Thread Group 1-48
2025-07-08 19:58:02,640 INFO o.a.j.t.JMeterThread: Stopping because end time detected by thread: Thread Group 1-49
2025-07-08 19:58:02,640 INFO o.a.j.t.JMeterThread: Thread finished: Thread Group 1-48
2025-07-08 19:58:02,640 INFO o.a.j.t.JMeterThread: Thread finished: Thread Group 1-49
2025-07-08 19:58:02,640 INFO o.a.j.t.JMeterThread: Stopping because end time detected by thread: Thread Group 1-18
2025-07-08 19:58:02,640 INFO o.a.j.t.JMeterThread: Stopping because end time detected by thread: Thread Group 1-65
2025-07-08 19:58:02,640 INFO o.a.j.t.JMeterThread: Thread finished: Thread Group 1-70
2025-07-08 19:58:02,640 INFO o.a.j.t.JMeterThread: Thread finished: Thread Group 1-44
2025-07-08 19:58:02,640 INFO o.a.j.t.JMeterThread: Thread finished: Thread Group 1-65
2025-07-08 19:58:02,641 INFO o.a.j.t.JMeterThread: Stopping because end time detected by thread: Thread Group 1-60
2025-07-08 19:58:02,641 INFO o.a.j.t.JMeterThread: Thread finished: Thread Group 1-60
2025-07-08 19:58:02,640 INFO o.a.j.t.JMeterThread: Thread finished: Thread Group 1-68
2025-07-08 19:58:02,640 INFO o.a.j.t.JMeterThread: Thread finished: Thread Group 1-66
2025-07-08 19:58:02,640 INFO o.a.j.t.JMeterThread: Stopping because end time detected by thread: Thread Group 1-27
2025-07-08 19:58:02,640 INFO o.a.j.t.JMeterThread: Thread finished: Thread Group 1-18
2025-07-08 19:58:02,641 INFO o.a.j.t.JMeterThread: Thread finished: Thread Group 1-27
2025-07-08 19:58:02,641 INFO o.a.j.t.JMeterThread: Stopping because end time detected by thread: Thread Group 1-32
2025-07-08 19:58:02,641 INFO o.a.j.t.JMeterThread: Thread finished: Thread Group 1-32
2025-07-08 19:58:02,641 INFO o.a.j.t.JMeterThread: Stopping because end time detected by thread: Thread Group 1-55
2025-07-08 19:58:02,641 INFO o.a.j.t.JMeterThread: Thread finished: Thread Group 1-55
2025-07-08 19:58:02,641 INFO o.a.j.t.JMeterThread: Stopping because end time detected by thread: Thread Group 1-71
2025-07-08 19:58:02,641 INFO o.a.j.t.JMeterThread: Thread finished: Thread Group 1-71
2025-07-08 19:58:02,642 INFO o.a.j.t.JMeterThread: Stopping because end time detected by thread: Thread Group 1-35
2025-07-08 19:58:02,642 INFO o.a.j.t.JMeterThread: Stopping because end time detected by thread: Thread Group 1-29
2025-07-08 19:58:02,642 INFO o.a.j.t.JMeterThread: Thread finished: Thread Group 1-35
2025-07-08 19:58:02,642 INFO o.a.j.t.JMeterThread: Thread finished: Thread Group 1-29
2025-07-08 19:58:02,642 INFO o.a.j.t.JMeterThread: Stopping because end time detected by thread: Thread Group 1-50
2025-07-08 19:58:02,642 INFO o.a.j.t.JMeterThread: Stopping because end time detected by thread: Thread Group 1-43
2025-07-08 19:58:02,642 INFO o.a.j.t.JMeterThread: Thread finished: Thread Group 1-43
2025-07-08 19:58:02,642 INFO o.a.j.t.JMeterThread: Thread finished: Thread Group 1-50
2025-07-08 19:58:02,642 INFO o.a.j.t.JMeterThread: Stopping because end time detected by thread: Thread Group 1-83
2025-07-08 19:58:02,642 INFO o.a.j.t.JMeterThread: Stopping because end time detected by thread: Thread Group 1-79
2025-07-08 19:58:02,642 INFO o.a.j.t.JMeterThread: Stopping because end time detected by thread: Thread Group 1-64
2025-07-08 19:58:02,642 INFO o.a.j.t.JMeterThread: Thread finished: Thread Group 1-64
2025-07-08 19:58:02,642 INFO o.a.j.t.JMeterThread: Thread finished: Thread Group 1-83
2025-07-08 19:58:02,643 INFO o.a.j.t.JMeterThread: Stopping because end time detected by thread: Thread Group 1-88
2025-07-08 19:58:02,642 INFO o.a.j.t.JMeterThread: Thread finished: Thread Group 1-79
2025-07-08 19:58:02,643 INFO o.a.j.t.JMeterThread: Thread finished: Thread Group 1-88
2025-07-08 19:58:02,643 INFO o.a.j.t.JMeterThread: Stopping because end time detected by thread: Thread Group 1-57
2025-07-08 19:58:02,643 INFO o.a.j.t.JMeterThread: Thread finished: Thread Group 1-57
2025-07-08 19:58:02,643 INFO o.a.j.t.JMeterThread: Stopping because end time detected by thread: Thread Group 1-81
2025-07-08 19:58:02,643 INFO o.a.j.t.JMeterThread: Stopping because end time detected by thread: Thread Group 1-96
2025-07-08 19:58:02,643 INFO o.a.j.t.JMeterThread: Stopping because end time detected by thread: Thread Group 1-91
2025-07-08 19:58:02,643 INFO o.a.j.t.JMeterThread: Stopping because end time detected by thread: Thread Group 1-92
2025-07-08 19:58:02,643 INFO o.a.j.t.JMeterThread: Stopping because end time detected by thread: Thread Group 1-47
2025-07-08 19:58:02,643 INFO o.a.j.t.JMeterThread: Thread finished: Thread Group 1-81
2025-07-08 19:58:02,643 INFO o.a.j.t.JMeterThread: Stopping because end time detected by thread: Thread Group 1-45
2025-07-08 19:58:02,643 INFO o.a.j.t.JMeterThread: Thread finished: Thread Group 1-96
2025-07-08 19:58:02,643 INFO o.a.j.t.JMeterThread: Thread finished: Thread Group 1-47
2025-07-08 19:58:02,643 INFO o.a.j.t.JMeterThread: Stopping because end time detected by thread: Thread Group 1-85
2025-07-08 19:58:02,643 INFO o.a.j.t.JMeterThread: Thread finished: Thread Group 1-91
2025-07-08 19:58:02,643 INFO o.a.j.t.JMeterThread: Thread finished: Thread Group 1-85
2025-07-08 19:58:02,643 INFO o.a.j.t.JMeterThread: Thread finished: Thread Group 1-92
2025-07-08 19:58:02,643 INFO o.a.j.t.JMeterThread: Thread finished: Thread Group 1-45
2025-07-08 19:58:02,644 INFO o.a.j.t.JMeterThread: Stopping because end time detected by thread: Thread Group 1-62
2025-07-08 19:58:02,644 INFO o.a.j.t.JMeterThread: Thread finished: Thread Group 1-62
2025-07-08 19:58:02,644 INFO o.a.j.t.JMeterThread: Stopping because end time detected by thread: Thread Group 1-90
2025-07-08 19:58:02,644 INFO o.a.j.t.JMeterThread: Thread finished: Thread Group 1-90
2025-07-08 19:58:02,644 INFO o.a.j.t.JMeterThread: Stopping because end time detected by thread: Thread Group 1-75
2025-07-08 19:58:02,644 INFO o.a.j.t.JMeterThread: Thread finished: Thread Group 1-75
2025-07-08 19:58:02,644 INFO o.a.j.t.JMeterThread: Stopping because end time detected by thread: Thread Group 1-73
2025-07-08 19:58:02,644 INFO o.a.j.t.JMeterThread: Stopping because end time detected by thread: Thread Group 1-82
2025-07-08 19:58:02,644 INFO o.a.j.t.JMeterThread: Stopping because end time detected by thread: Thread Group 1-74
2025-07-08 19:58:02,644 INFO o.a.j.t.JMeterThread: Thread finished: Thread Group 1-82
2025-07-08 19:58:02,644 INFO o.a.j.t.JMeterThread: Stopping because end time detected by thread: Thread Group 1-86
2025-07-08 19:58:02,644 INFO o.a.j.t.JMeterThread: Thread finished: Thread Group 1-74
2025-07-08 19:58:02,644 INFO o.a.j.t.JMeterThread: Thread finished: Thread Group 1-73
2025-07-08 19:58:02,644 INFO o.a.j.t.JMeterThread: Thread finished: Thread Group 1-86
2025-07-08 19:58:02,644 INFO o.a.j.t.JMeterThread: Stopping because end time detected by thread: Thread Group 1-76
2025-07-08 19:58:02,645 INFO o.a.j.t.JMeterThread: Thread finished: Thread Group 1-76
2025-07-08 19:58:02,645 INFO o.a.j.t.JMeterThread: Stopping because end time detected by thread: Thread Group 1-72
2025-07-08 19:58:02,645 INFO o.a.j.t.JMeterThread: Thread finished: Thread Group 1-72
2025-07-08 19:58:02,645 INFO o.a.j.t.JMeterThread: Stopping because end time detected by thread: Thread Group 1-69
2025-07-08 19:58:02,645 INFO o.a.j.t.JMeterThread: Stopping because end time detected by thread: Thread Group 1-67
2025-07-08 19:58:02,645 INFO o.a.j.t.JMeterThread: Stopping because end time detected by thread: Thread Group 1-78
2025-07-08 19:58:02,645 INFO o.a.j.t.JMeterThread: Thread finished: Thread Group 1-67
2025-07-08 19:58:02,645 INFO o.a.j.t.JMeterThread: Thread finished: Thread Group 1-69
2025-07-08 19:58:02,645 INFO o.a.j.t.JMeterThread: Thread finished: Thread Group 1-78
2025-07-08 19:58:02,646 INFO o.a.j.t.JMeterThread: Stopping because end time detected by thread: Thread Group 1-61
2025-07-08 19:58:02,646 INFO o.a.j.t.JMeterThread: Stopping because end time detected by thread: Thread Group 1-63
2025-07-08 19:58:02,646 INFO o.a.j.t.JMeterThread: Stopping because end time detected by thread: Thread Group 1-87
2025-07-08 19:58:02,646 INFO o.a.j.t.JMeterThread: Thread finished: Thread Group 1-61
2025-07-08 19:58:02,646 INFO o.a.j.t.JMeterThread: Thread finished: Thread Group 1-63
2025-07-08 19:58:02,646 INFO o.a.j.t.JMeterThread: Thread finished: Thread Group 1-87
2025-07-08 19:58:02,646 INFO o.a.j.t.JMeterThread: Stopping because end time detected by thread: Thread Group 1-97
2025-07-08 19:58:02,646 INFO o.a.j.t.JMeterThread: Stopping because end time detected by thread: Thread Group 1-100
2025-07-08 19:58:02,646 INFO o.a.j.t.JMeterThread: Thread finished: Thread Group 1-100
2025-07-08 19:58:02,646 INFO o.a.j.t.JMeterThread: Stopping because end time detected by thread: Thread Group 1-77
2025-07-08 19:58:02,646 INFO o.a.j.t.JMeterThread: Thread finished: Thread Group 1-97
2025-07-08 19:58:02,647 INFO o.a.j.t.JMeterThread: Thread finished: Thread Group 1-77
2025-07-08 19:58:02,647 INFO o.a.j.t.JMeterThread: Stopping because end time detected by thread: Thread Group 1-94
2025-07-08 19:58:02,647 INFO o.a.j.t.JMeterThread: Stopping because end time detected by thread: Thread Group 1-99
2025-07-08 19:58:02,647 INFO o.a.j.t.JMeterThread: Stopping because end time detected by thread: Thread Group 1-95
2025-07-08 19:58:02,648 INFO o.a.j.t.JMeterThread: Thread finished: Thread Group 1-95
2025-07-08 19:58:02,647 INFO o.a.j.t.JMeterThread: Stopping because end time detected by thread: Thread Group 1-84
2025-07-08 19:58:02,648 INFO o.a.j.t.JMeterThread: Stopping because end time detected by thread: Thread Group 1-93
2025-07-08 19:58:02,648 INFO o.a.j.t.JMeterThread: Thread finished: Thread Group 1-84
2025-07-08 19:58:02,648 INFO o.a.j.t.JMeterThread: Stopping because end time detected by thread: Thread Group 1-89
2025-07-08 19:58:02,648 INFO o.a.j.t.JMeterThread: Thread finished: Thread Group 1-94
2025-07-08 19:58:02,648 INFO o.a.j.t.JMeterThread: Thread finished: Thread Group 1-99
2025-07-08 19:58:02,648 INFO o.a.j.t.JMeterThread: Thread finished: Thread Group 1-93
2025-07-08 19:58:02,648 INFO o.a.j.t.JMeterThread: Thread finished: Thread Group 1-89
2025-07-08 19:58:02,648 INFO o.a.j.t.JMeterThread: Stopping because end time detected by thread: Thread Group 1-80
2025-07-08 19:58:02,648 INFO o.a.j.t.JMeterThread: Thread finished: Thread Group 1-80
2025-07-08 19:58:02,648 INFO o.a.j.t.JMeterThread: Stopping because end time detected by thread: Thread Group 1-98
2025-07-08 19:58:02,648 INFO o.a.j.t.JMeterThread: Thread finished: Thread Group 1-98
2025-07-08 19:58:02,648 INFO o.a.j.e.StandardJMeterEngine: Notifying test listeners of end of test
2025-07-08 19:58:02,649 INFO o.a.j.g.u.JMeterMenuBar: setRunning(false, *local*)
